#
# A fatal error has been detected by the Java Runtime Environment:
#
#  EXCEPTION_ACCESS_VIOLATION (0xc0000005) at pc=0x00007ffb10b864a7, pid=6500, tid=10176
#
# JRE version: OpenJDK Runtime Environment (22.0.1+8) (build 22.0.1+8-16)
# Java VM: OpenJDK 64-Bit Server VM (22.0.1+8-16, mixed mode, sharing, tiered, compressed oops, compressed class ptrs, g1 gc, windows-amd64)
# Problematic frame:
# C  [glass.dll+0x264a7]
#
# No core dump will be written. Minidumps are not enabled by default on client versions of Windows
#
# If you would like to submit a bug report, please visit:
#   https://bugreport.java.com/bugreport/crash.jsp
#

---------------  S U M M A R Y ------------

Command Line: --enable-preview -javaagent:E:\Apps\Intellij\IntelliJ IDEA Community Edition 2023.3.4\lib\idea_rt.jar=51463:E:\Apps\Intellij\IntelliJ IDEA Community Edition 2023.3.4\bin -Dfile.encoding=UTF-8 -Dsun.stdout.encoding=UTF-8 -Dsun.stderr.encoding=UTF-8 --module-path=C:\Users\Lenovo\.m2\repository\org\openjfx\javafx-fxml\22-ea+11\javafx-fxml-22-ea+11-win.jar;C:\Users\Lenovo\.m2\repository\org\openjfx\javafx-base\22-ea+11\javafx-base-22-ea+11-win.jar;C:\Users\Lenovo\.m2\repository\org\openjfx\javafx-controls\22-ea+11\javafx-controls-22-ea+11-win.jar;C:\Users\Lenovo\.m2\repository\org\openjfx\javafx-graphics\22-ea+11\javafx-graphics-22-ea+11-win.jar;D:\java\java project\Probs\target\classes -Djdk.module.main=org.example.probs org.example.probs/org.example.probs.HelloApplication

Host: AMD Ryzen 5 5500U with Radeon Graphics         , 12 cores, 7G,  Windows 11 , 64 bit Build 22621 (10.0.22621.3527)
Time: Mon Jun 10 19:51:45 2024  Windows 11 , 64 bit Build 22621 (10.0.22621.3527) elapsed time: 121.559720 seconds (0d 0h 2m 1s)

---------------  T H R E A D  ---------------

Current thread (0x000002197f694170):  VMThread "VM Thread"          [id=10176, stack(0x000000ddc4700000,0x000000ddc4800000) (1024K)]

Stack: [0x000000ddc4700000,0x000000ddc4800000],  sp=0x000000ddc47fef60,  free space=1019k
Native frames: (J=compiled Java code, j=interpreted, Vv=VM code, C=native code)
C  [glass.dll+0x264a7]  (no source info available)
C  [ucrtbase.dll+0x53a93]  (no source info available)
C  [ucrtbase.dll+0x2042e]  (no source info available)
C  [ucrtbase.dll+0x1dddd]  (no source info available)
C  [glass.dll+0x23cad]  (no source info available)
C  [glass.dll+0x23dd2]  (no source info available)
C  [ntdll.dll+0x2869f]  (no source info available)
C  [ntdll.dll+0x510a6]  (no source info available)
C  [ntdll.dll+0x50c9d]  (no source info available)
C  [KERNEL32.DLL+0x17fab]  (no source info available)
C  [ucrtbase.dll+0x1bed8]  (no source info available)
C  [ucrtbase.dll+0x1c099]  (no source info available)
V  [jvm.dll+0x6db40b]  (no source info available)
V  [jvm.dll+0x6daf40]  (no source info available)
V  [jvm.dll+0x3e1ea4]  (no source info available)
V  [jvm.dll+0x87d7d0]  (no source info available)
V  [jvm.dll+0x87eb57]  (no source info available)
V  [jvm.dll+0x87f0d0]  (no source info available)
V  [jvm.dll+0x87f373]  (no source info available)
V  [jvm.dll+0x81d44b]  (no source info available)
V  [jvm.dll+0x6e0915]  (no source info available)
C  [ucrtbase.dll+0x29333]  (no source info available)
C  [KERNEL32.DLL+0x1257d]  (no source info available)
C  [ntdll.dll+0x5aa48]  (no source info available)


siginfo: EXCEPTION_ACCESS_VIOLATION (0xc0000005), reading address 0x0000000000000000


Registers:
RAX=0x0000000000000000, RBX=0x000002197f6a41fa, RCX=0x000002197f694170, RDX=0x000000ddc47fef60
RSP=0x000000ddc47fef60, RBP=0x0000021960e6a168, RSI=0x000000ddc47ff068, RDI=0x0000021960e6a140
R8 =0x0000000000010002, R9 =0x0000021960e6a140, R10=0x85f13e9656da4870, R11=0x000000ddc47feef0
R12=0x00007ffb10b83e20, R13=0x00007ffaa04a3b20, R14=0x00006aed1d1d69d1, R15=0x0000021960e6a140
RIP=0x00007ffb10b864a7, EFLAGS=0x0000000000010202


Register to memory mapping:

RAX=0x0 is null
RBX=0x000002197f6a41fa is a global jni handle
RCX=0x000002197f694170 points into unknown readable memory: 0x00007ffaa02a3e20 | 20 3e 2a a0 fa 7f 00 00
RDX=0x000000ddc47fef60 points into unknown readable memory: 0x0000000000000000 | 00 00 00 00 00 00 00 00
RSP=0x000000ddc47fef60 points into unknown readable memory: 0x0000000000000000 | 00 00 00 00 00 00 00 00
RBP=0x0000021960e6a168 points into unknown readable memory: 0x00006aed1d1d69d1 | d1 69 1d 1d ed 6a 00 00
RSI=0x000000ddc47ff068 points into unknown readable memory: 0x000000ddc47ff050 | 50 f0 7f c4 dd 00 00 00
RDI=0x0000021960e6a140 points into unknown readable memory: 0xfff64b9d6f6d69d1 | d1 69 6d 6f 9d 4b f6 ff
R8 =0x0000000000010002 is an unknown value
R9 =0x0000021960e6a140 points into unknown readable memory: 0xfff64b9d6f6d69d1 | d1 69 6d 6f 9d 4b f6 ff
R10=0x85f13e9656da4870 is an unknown value
R11=0x000000ddc47feef0 points into unknown readable memory: 0x0000021960e6a140 | 40 a1 e6 60 19 02 00 00
R12=0x00007ffb10b83e20 glass.dll
R13=0x00007ffaa04a3b20 jvm.dll
R14=0x00006aed1d1d69d1 is an unknown value
R15=0x0000021960e6a140 points into unknown readable memory: 0xfff64b9d6f6d69d1 | d1 69 6d 6f 9d 4b f6 ff

Top of Stack: (sp=0x000000ddc47fef60)
0x000000ddc47fef60:   0000000000000000 000000ddc47ff068
0x000000ddc47fef70:   00007ffaa04a3b20 00007ffb10b83e20
0x000000ddc47fef80:   0000021960e6a148 00007ffb38423a93
0x000000ddc47fef90:   0000021960e6a140 0000021900000000
0x000000ddc47fefa0:   0000021960e6a168 000000ddc47ff068
0x000000ddc47fefb0:   fffffffffffffffe 0000000000000000
0x000000ddc47fefc0:   0000000000000001 00007ffb10b60000
0x000000ddc47fefd0:   000000ddc47ff058 00007ffb383f042e
0x000000ddc47fefe0:   0000000000000000 000000ddc47ff068
0x000000ddc47feff0:   000000ddc47ff350 0000000000000001
0x000000ddc47ff000:   0000000000000001 00007ffb383edddd
0x000000ddc47ff010:   0000000000000000 00007ffb10b83619
0x000000ddc47ff020:   00007ffb333f5ef0 000000ddc47ff058
0x000000ddc47ff030:   fffffffffffffffe 000000ddc47ff020
0x000000ddc47ff040:   0000000000000000 00007ffb10b83cad
0x000000ddc47ff050:   00007ffb10b99fd8 00007ffb00000002
0x000000ddc47ff060:   0000000000000002 000000ddc47ff050
0x000000ddc47ff070:   0000000000000000 00007ffb3b0d8603
0x000000ddc47ff080:   0000000000000000 00007ffb10b83dd2
0x000000ddc47ff090:   0000000000000001 0000000000000001
0x000000ddc47ff0a0:   000000ddc47ff350 0000000000000001
0x000000ddc47ff0b0:   00007ffb39d80000 00007ffb37b42223
0x000000ddc47ff0c0:   0000000000000001 00007ffb37310000
0x000000ddc47ff0d0:   00007ffb10b60000 000000007ffe0384
0x000000ddc47ff0e0:   0000000000000000 00007ffb3b0d869f
0x000000ddc47ff0f0:   00007ffb10b60000 0000000000000000
0x000000ddc47ff100:   0000000000000001 000000007ffe0385
0x000000ddc47ff110:   0000000000000000 00007ffb3b1012e9
0x000000ddc47ff120:   00000bb6ecd2d800 0000000000000014
0x000000ddc47ff130:   00007ffb10b83e20 0000000000000000
0x000000ddc47ff140:   0000000000000000 000000ddc3b86000
0x000000ddc47ff150:   0000021960c65ad0 00007ffb3b1010a6 

Instructions: (pc=0x00007ffb10b864a7)
0x00007ffb10b863a7:   8b 4d 58 e8 bd cf ff ff 48 8b 4d 60 e8 b4 cf ff
0x00007ffb10b863b7:   ff 48 8b 95 80 00 00 00 48 8b 8d 18 01 00 00 e8
0x00007ffb10b863c7:   a6 c4 ff ff 33 d2 33 c9 e8 fc e1 ff ff 90 48 89
0x00007ffb10b863d7:   54 24 10 55 48 83 ec 20 48 8b ea 48 b8 00 00 00
0x00007ffb10b863e7:   00 00 00 00 00 48 83 c4 20 5d c3 cc 40 55 48 8b
0x00007ffb10b863f7:   ea 48 8b 01 33 c9 81 38 05 00 00 c0 0f 94 c1 8b
0x00007ffb10b86407:   c1 5d c3 cc 40 55 48 83 ec 20 48 8b ea 8a 4d 40
0x00007ffb10b86417:   48 83 c4 20 5d e9 a3 d3 ff ff cc 40 55 48 83 ec
0x00007ffb10b86427:   20 48 8b ea 8a 4d 20 e8 91 d3 ff ff 90 48 83 c4
0x00007ffb10b86437:   20 5d c3 cc 40 55 48 83 ec 20 48 8b ea 48 83 c4
0x00007ffb10b86447:   20 5d e9 f2 d1 ff ff cc 40 55 48 83 ec 30 48 8b
0x00007ffb10b86457:   ea 48 8b 01 8b 10 48 89 4c 24 28 89 54 24 20 4c
0x00007ffb10b86467:   8d 0d 93 d6 ff ff 4c 8b 45 70 8b 55 68 48 8b 4d
0x00007ffb10b86477:   60 e8 33 d1 ff ff 90 48 83 c4 30 5d c3 cc cc cc
0x00007ffb10b86487:   cc cc cc cc cc cc cc cc cc 40 53 48 83 ec 20 48
0x00007ffb10b86497:   8b 1d 6b 35 01 00 48 85 db 74 16 e8 b9 8f ff ff
0x00007ffb10b864a7:   4c 8b 00 48 8b d3 48 8b c8 41 ff 90 b0 00 00 00
0x00007ffb10b864b7:   90 48 83 c4 20 5b c3 cc cc 40 53 48 83 ec 20 48
0x00007ffb10b864c7:   8b 1d ab 36 01 00 48 85 db 74 57 b8 ff ff ff ff
0x00007ffb10b864d7:   f0 0f c1 43 10 83 f8 01 75 3d 48 85 db 74 38 48
0x00007ffb10b864e7:   8b 0b 48 85 c9 74 0d ff 15 b4 0d 00 00 48 c7 03
0x00007ffb10b864f7:   00 00 00 00 48 8b 4b 08 48 85 c9 74 0d e8 63 ce
0x00007ffb10b86507:   ff ff 48 c7 43 08 00 00 00 00 ba 18 00 00 00 48
0x00007ffb10b86517:   8b cb e8 4e ce ff ff 48 c7 05 4f 36 01 00 00 00
0x00007ffb10b86527:   00 00 48 83 c4 20 5b c3 cc 40 53 48 83 ec 20 48
0x00007ffb10b86537:   8b 1d 1b 36 01 00 48 85 db 74 57 b8 ff ff ff ff
0x00007ffb10b86547:   f0 0f c1 43 10 83 f8 01 75 3d 48 85 db 74 38 48
0x00007ffb10b86557:   8b 0b 48 85 c9 74 0d ff 15 44 0d 00 00 48 c7 03
0x00007ffb10b86567:   00 00 00 00 48 8b 4b 08 48 85 c9 74 0d e8 f3 cd
0x00007ffb10b86577:   ff ff 48 c7 43 08 00 00 00 00 ba 18 00 00 00 48
0x00007ffb10b86587:   8b cb e8 de cd ff ff 48 c7 05 bf 35 01 00 00 00
0x00007ffb10b86597:   00 00 48 83 c4 20 5b c3 cc 40 53 48 83 ec 20 48 


Stack slot to memory mapping:

stack at sp + 0 slots: 0x0 is null
stack at sp + 1 slots: 0x000000ddc47ff068 points into unknown readable memory: 0x000000ddc47ff050 | 50 f0 7f c4 dd 00 00 00
stack at sp + 2 slots: 0x00007ffaa04a3b20 jvm.dll
stack at sp + 3 slots: 0x00007ffb10b83e20 glass.dll
stack at sp + 4 slots: 0x0000021960e6a148 points into unknown readable memory: 0x00006aed1d1d69d1 | d1 69 1d 1d ed 6a 00 00
stack at sp + 5 slots: 0x00007ffb38423a93 ucrtbase.dll
stack at sp + 6 slots: 0x0000021960e6a140 points into unknown readable memory: 0xfff64b9d6f6d69d1 | d1 69 6d 6f 9d 4b f6 ff
stack at sp + 7 slots: 0x0000021900000000 points into unknown readable memory: 0x00010000cafedada | da da fe ca 00 00 01 00

VM_Operation (0x000000ddc3dff4e0): Exit, mode: safepoint, requested by thread 0x0000021961916350


---------------  P R O C E S S  ---------------

Threads class SMR info:
_java_thread_list=0x00000219689b0910, length=21, elements={
0x000002197dcf45b0, 0x000002197f6b03d0, 0x000002197f6b10f0, 0x000002197f6b5490,
0x000002197f6b6250, 0x000002197f6b6cb0, 0x000002197f6b7710, 0x000002197f6c59c0,
0x000002197f6cdb50, 0x0000021960205c60, 0x0000021960d26c40, 0x0000021960ac1880,
0x0000021960beb8d0, 0x0000021960c8b150, 0x0000021960cfe310, 0x0000021960959f10,
0x0000021961093610, 0x000002196198dd80, 0x0000021961915630, 0x0000021961915cc0,
0x0000021961916350
}

Java Threads: ( => current thread )
  0x000002197dcf45b0 JavaThread "main"                              [_thread_blocked, id=22436, stack(0x000000ddc4000000,0x000000ddc4100000) (1024K)]
  0x000002197f6b03d0 JavaThread "Reference Handler"          daemon [_thread_blocked, id=11460, stack(0x000000ddc4800000,0x000000ddc4900000) (1024K)]
  0x000002197f6b10f0 JavaThread "Finalizer"                  daemon [_thread_blocked, id=12192, stack(0x000000ddc4900000,0x000000ddc4a00000) (1024K)]
  0x000002197f6b5490 JavaThread "Signal Dispatcher"          daemon [_thread_blocked, id=19720, stack(0x000000ddc4a00000,0x000000ddc4b00000) (1024K)]
  0x000002197f6b6250 JavaThread "Attach Listener"            daemon [_thread_blocked, id=5716, stack(0x000000ddc4b00000,0x000000ddc4c00000) (1024K)]
  0x000002197f6b6cb0 JavaThread "Service Thread"             daemon [_thread_blocked, id=15652, stack(0x000000ddc4c00000,0x000000ddc4d00000) (1024K)]
  0x000002197f6b7710 JavaThread "Monitor Deflation Thread"   daemon [_thread_blocked, id=20520, stack(0x000000ddc4d00000,0x000000ddc4e00000) (1024K)]
  0x000002197f6c59c0 JavaThread "C2 CompilerThread0"         daemon [_thread_blocked, id=15108, stack(0x000000ddc4e00000,0x000000ddc4f00000) (1024K)]
  0x000002197f6cdb50 JavaThread "C1 CompilerThread0"         daemon [_thread_blocked, id=7252, stack(0x000000ddc4f00000,0x000000ddc5000000) (1024K)]
  0x0000021960205c60 JavaThread "Common-Cleaner"             daemon [_thread_blocked, id=11484, stack(0x000000ddc5000000,0x000000ddc5100000) (1024K)]
  0x0000021960d26c40 JavaThread "Monitor Ctrl-Break"         daemon [_thread_in_native, id=22140, stack(0x000000ddc5300000,0x000000ddc5400000) (1024K)]
  0x0000021960ac1880 JavaThread "Notification Thread"        daemon [_thread_blocked, id=3192, stack(0x000000ddc5400000,0x000000ddc5500000) (1024K)]
  0x0000021960beb8d0 JavaThread "QuantumRenderer-0"          daemon [_thread_blocked, id=12848, stack(0x000000ddc5500000,0x000000ddc5600000) (1024K)]
  0x0000021960c8b150 JavaThread "InvokeLaterDispatcher"      daemon [_thread_blocked, id=22224, stack(0x000000ddc5700000,0x000000ddc5800000) (1024K)]
  0x0000021960cfe310 JavaThread "JavaFX Application Thread"         [_thread_in_native, id=17900, stack(0x000000ddc5100000,0x000000ddc5200000) (1024K)]
  0x0000021960959f10 JavaThread "Thread-1"                   daemon [_thread_in_native, id=14312, stack(0x000000ddc6000000,0x000000ddc6100000) (1024K)]
  0x0000021961093610 JavaThread "JavaFX-Launcher"                   [_thread_blocked, id=19008, stack(0x000000ddc6100000,0x000000ddc6200000) (1024K)]
  0x000002196198dd80 JavaThread "Prism Font Disposer"        daemon [_thread_blocked, id=2900, stack(0x000000ddc6700000,0x000000ddc6800000) (1024K)]
  0x0000021961915630 JavaThread "Cleaner-0"                  daemon [_thread_blocked, id=15116, stack(0x000000ddc6f00000,0x000000ddc7000000) (1024K)]
  0x0000021961915cc0 JavaThread "mysql-cj-abandoned-connection-cleanup" daemon [_thread_blocked, id=21612, stack(0x000000ddc7000000,0x000000ddc7100000) (1024K)]
  0x0000021961916350 JavaThread "SIGINT handler"             daemon [_thread_blocked, id=12636, stack(0x000000ddc3d00000,0x000000ddc3e00000) (1024K)]
Total: 21

Other Threads:
=>0x000002197f694170 VMThread "VM Thread"                           [id=10176, stack(0x000000ddc4700000,0x000000ddc4800000) (1024K)]
  0x000002197dd47d30 WorkerThread "GC Thread#0"                     [id=13496, stack(0x000000ddc4100000,0x000000ddc4200000) (1024K)]
  0x000002196094ee40 WorkerThread "GC Thread#1"                     [id=5304, stack(0x000000ddc6200000,0x000000ddc6300000) (1024K)]
  0x000002196094a730 WorkerThread "GC Thread#2"                     [id=18608, stack(0x000000ddc6300000,0x000000ddc6400000) (1024K)]
  0x000002196094aae0 WorkerThread "GC Thread#3"                     [id=20768, stack(0x000000ddc6400000,0x000000ddc6500000) (1024K)]
  0x000002196094ae90 WorkerThread "GC Thread#4"                     [id=12760, stack(0x000000ddc6500000,0x000000ddc6600000) (1024K)]
  0x0000021960eb41a0 WorkerThread "GC Thread#5"                     [id=10144, stack(0x000000ddc6600000,0x000000ddc6700000) (1024K)]
  0x000002196113bb90 WorkerThread "GC Thread#6"                     [id=10820, stack(0x000000ddc6800000,0x000000ddc6900000) (1024K)]
  0x000002196113b430 WorkerThread "GC Thread#7"                     [id=20508, stack(0x000000ddc6900000,0x000000ddc6a00000) (1024K)]
  0x000002196113b7e0 WorkerThread "GC Thread#8"                     [id=19768, stack(0x000000ddc6b00000,0x000000ddc6c00000) (1024K)]
  0x000002196113acd0 WorkerThread "GC Thread#9"                     [id=6300, stack(0x000000ddc6c00000,0x000000ddc6d00000) (1024K)]
  0x000002197dd58ff0 ConcurrentGCThread "G1 Main Marker"            terminated
  0x000002197dd5a2a0 WorkerThread "G1 Conc#0"                       [id=6912, stack(0x000000ddc4300000,0x000000ddc4400000) (1024K)]
  0x000002196113a1c0 WorkerThread "G1 Conc#1"                       [id=9768, stack(0x000000ddc7200000,0x000000ddc7300000) (1024K)]
  0x000002196113a570 WorkerThread "G1 Conc#2"                       [id=11416, stack(0x000000ddc7300000,0x000000ddc7400000) (1024K)]
  0x000002197f54b130 ConcurrentGCThread "G1 Refine#0"               terminated
  0x000002197f54bd70 ConcurrentGCThread "G1 Service"                terminated
Total: 17

Threads with active compile tasks:
C2 CompilerThread0  122222 4004       4       sun.invoke.util.VerifyAccess::isSamePackage (37 bytes)
Total: 1

VM state: at safepoint (shutting down)

VM Mutex/Monitor currently owned by a thread:  ([mutex/lock_event])
[0x00007ffaa047bbb8] Threads_lock - owner thread: 0x000002197f694170
[0x00007ffaa047bcb8] Heap_lock - owner thread: 0x0000021961916350

Heap address: 0x000000008a800000, size: 1880 MB, Compressed Oops mode: 32-bit

CDS archive(s) mapped at: [0x000002191b000000-0x000002191bc50000-0x000002191bc50000), size 12910592, SharedBaseAddress: 0x000002191b000000, ArchiveRelocationMode: 1.
Compressed class space mapped at: 0x000002191c000000-0x000002195c000000, reserved size: 1073741824
Narrow klass base: 0x000002191b000000, Narrow klass shift: 0, Narrow klass range: 0x41000000

GC Precious Log:
 CardTable entry size: 512
 Card Set container configuration: InlinePtr #cards 5 size 8 Array Of Cards #cards 12 size 40 Howl #buckets 4 coarsen threshold 1843 Howl Bitmap #cards 512 size 80 coarsen threshold 460 Card regions per heap region 1 cards per card region 2048
 CPUs: 12 total, 12 available
 Memory: 7514M
 Large Page Support: Disabled
 NUMA Support: Disabled
 Compressed Oops: Enabled (32-bit)
 Heap Region Size: 1M
 Heap Min Capacity: 8M
 Heap Initial Capacity: 118M
 Heap Max Capacity: 1880M
 Pre-touch: Disabled
 Parallel Workers: 10
 Concurrent Workers: 3
 Concurrent Refinement Workers: 10
 Periodic GC: Disabled

Heap:
 garbage-first heap   total reserved 1925120K, committed 53248K, used 20436K [0x000000008a800000, 0x0000000100000000)
  region size 1024K, 13 young (13312K), 8 survivors (8192K)
 Metaspace       used 26715K, committed 27072K, reserved 1114112K
  class space    used 3849K, committed 3968K, reserved 1048576K

Heap Regions: E=young(eden), S=young(survivor), O=old, HS=humongous(starts), HC=humongous(continues), CS=collection set, F=free, TAMS=top-at-mark-start, PB=parsable bottom
|   0|0x000000008a800000, 0x000000008a900000, 0x000000008a900000|100%| O|  |TAMS 0x000000008a800000| PB 0x000000008a800000| Untracked |  0
|   1|0x000000008a900000, 0x000000008aa00000, 0x000000008aa00000|100%| O|  |TAMS 0x000000008a900000| PB 0x000000008a900000| Untracked |  0
|   2|0x000000008aa00000, 0x000000008aaacf60, 0x000000008ab00000| 67%| O|Cm|TAMS 0x000000008aa00000| PB 0x000000008aa00000| Complete |  0
|   3|0x000000008ab00000, 0x000000008ac00000, 0x000000008ac00000|100%|HS|  |TAMS 0x000000008ab00000| PB 0x000000008ab00000| Complete |  0
|   4|0x000000008ac00000, 0x000000008ad00000, 0x000000008ad00000|100%|HC|  |TAMS 0x000000008ac00000| PB 0x000000008ac00000| Complete |  0
|   5|0x000000008ad00000, 0x000000008ad00000, 0x000000008ae00000|  0%| F|  |TAMS 0x000000008ad00000| PB 0x000000008ad00000| Untracked |  0
|   6|0x000000008ae00000, 0x000000008ae00000, 0x000000008af00000|  0%| F|  |TAMS 0x000000008ae00000| PB 0x000000008ae00000| Untracked |  0
|   7|0x000000008af00000, 0x000000008af00000, 0x000000008b000000|  0%| F|  |TAMS 0x000000008af00000| PB 0x000000008af00000| Untracked |  0
|   8|0x000000008b000000, 0x000000008b000000, 0x000000008b100000|  0%| F|  |TAMS 0x000000008b000000| PB 0x000000008b000000| Untracked |  0
|   9|0x000000008b100000, 0x000000008b100000, 0x000000008b200000|  0%| F|  |TAMS 0x000000008b100000| PB 0x000000008b100000| Untracked |  0
|  10|0x000000008b200000, 0x000000008b200000, 0x000000008b300000|  0%| F|  |TAMS 0x000000008b200000| PB 0x000000008b200000| Untracked |  0
|  11|0x000000008b300000, 0x000000008b300000, 0x000000008b400000|  0%| F|  |TAMS 0x000000008b300000| PB 0x000000008b300000| Untracked |  0
|  12|0x000000008b400000, 0x000000008b400000, 0x000000008b500000|  0%| F|  |TAMS 0x000000008b400000| PB 0x000000008b400000| Untracked |  0
|  13|0x000000008b500000, 0x000000008b500000, 0x000000008b600000|  0%| F|  |TAMS 0x000000008b500000| PB 0x000000008b500000| Untracked |  0
|  14|0x000000008b600000, 0x000000008b600000, 0x000000008b700000|  0%| F|  |TAMS 0x000000008b600000| PB 0x000000008b600000| Untracked |  0
|  15|0x000000008b700000, 0x000000008b700000, 0x000000008b800000|  0%| F|  |TAMS 0x000000008b700000| PB 0x000000008b700000| Untracked |  0
|  16|0x000000008b800000, 0x000000008b800000, 0x000000008b900000|  0%| F|  |TAMS 0x000000008b800000| PB 0x000000008b800000| Untracked |  0
|  17|0x000000008b900000, 0x000000008b900000, 0x000000008ba00000|  0%| F|  |TAMS 0x000000008b900000| PB 0x000000008b900000| Untracked |  0
|  18|0x000000008ba00000, 0x000000008ba00000, 0x000000008bb00000|  0%| F|  |TAMS 0x000000008ba00000| PB 0x000000008ba00000| Untracked |  0
|  19|0x000000008bb00000, 0x000000008bb00000, 0x000000008bc00000|  0%| F|  |TAMS 0x000000008bb00000| PB 0x000000008bb00000| Untracked |  0
|  20|0x000000008bc00000, 0x000000008bc00000, 0x000000008bd00000|  0%| F|  |TAMS 0x000000008bc00000| PB 0x000000008bc00000| Untracked |  0
|  21|0x000000008bd00000, 0x000000008bd00000, 0x000000008be00000|  0%| F|  |TAMS 0x000000008bd00000| PB 0x000000008bd00000| Untracked |  0
|  22|0x000000008be00000, 0x000000008be00000, 0x000000008bf00000|  0%| F|  |TAMS 0x000000008be00000| PB 0x000000008be00000| Untracked |  0
|  23|0x000000008bf00000, 0x000000008bf00000, 0x000000008c000000|  0%| F|  |TAMS 0x000000008bf00000| PB 0x000000008bf00000| Untracked |  0
|  24|0x000000008c000000, 0x000000008c000000, 0x000000008c100000|  0%| F|  |TAMS 0x000000008c000000| PB 0x000000008c000000| Untracked |  0
|  25|0x000000008c100000, 0x000000008c100000, 0x000000008c200000|  0%| F|  |TAMS 0x000000008c100000| PB 0x000000008c100000| Untracked |  0
|  26|0x000000008c200000, 0x000000008c200000, 0x000000008c300000|  0%| F|  |TAMS 0x000000008c200000| PB 0x000000008c200000| Untracked |  0
|  27|0x000000008c300000, 0x000000008c300000, 0x000000008c400000|  0%| F|  |TAMS 0x000000008c300000| PB 0x000000008c300000| Untracked |  0
|  28|0x000000008c400000, 0x000000008c400000, 0x000000008c500000|  0%| F|  |TAMS 0x000000008c400000| PB 0x000000008c400000| Untracked |  0
|  29|0x000000008c500000, 0x000000008c500000, 0x000000008c600000|  0%| F|  |TAMS 0x000000008c500000| PB 0x000000008c500000| Untracked |  0
|  30|0x000000008c600000, 0x000000008c600000, 0x000000008c700000|  0%| F|  |TAMS 0x000000008c600000| PB 0x000000008c600000| Untracked |  0
|  31|0x000000008c700000, 0x000000008c700000, 0x000000008c800000|  0%| F|  |TAMS 0x000000008c700000| PB 0x000000008c700000| Untracked |  0
|  32|0x000000008c800000, 0x000000008c900000, 0x000000008c900000|100%| S|CS|TAMS 0x000000008c800000| PB 0x000000008c800000| Complete |  0
|  33|0x000000008c900000, 0x000000008ca00000, 0x000000008ca00000|100%| S|CS|TAMS 0x000000008c900000| PB 0x000000008c900000| Complete |  0
|  34|0x000000008ca00000, 0x000000008cb00000, 0x000000008cb00000|100%| S|CS|TAMS 0x000000008ca00000| PB 0x000000008ca00000| Complete |  0
|  35|0x000000008cb00000, 0x000000008cc00000, 0x000000008cc00000|100%| S|CS|TAMS 0x000000008cb00000| PB 0x000000008cb00000| Complete |  0
|  36|0x000000008cc00000, 0x000000008cd00000, 0x000000008cd00000|100%| S|CS|TAMS 0x000000008cc00000| PB 0x000000008cc00000| Complete |  0
|  37|0x000000008cd00000, 0x000000008ce00000, 0x000000008ce00000|100%| S|CS|TAMS 0x000000008cd00000| PB 0x000000008cd00000| Complete |  0
|  38|0x000000008ce00000, 0x000000008cf00000, 0x000000008cf00000|100%| S|CS|TAMS 0x000000008ce00000| PB 0x000000008ce00000| Complete |  0
|  39|0x000000008cf00000, 0x000000008cf5cde0, 0x000000008d000000| 36%| S|CS|TAMS 0x000000008cf00000| PB 0x000000008cf00000| Complete |  0
|  90|0x0000000090200000, 0x0000000090200000, 0x0000000090300000|  0%| F|  |TAMS 0x0000000090200000| PB 0x0000000090200000| Untracked |  0
|  91|0x0000000090300000, 0x0000000090300000, 0x0000000090400000|  0%| F|  |TAMS 0x0000000090300000| PB 0x0000000090300000| Untracked |  0
|  92|0x0000000090400000, 0x0000000090400000, 0x0000000090500000|  0%| F|  |TAMS 0x0000000090400000| PB 0x0000000090400000| Untracked |  0
|  93|0x0000000090500000, 0x00000000905d9898, 0x0000000090600000| 84%| E|  |TAMS 0x0000000090500000| PB 0x0000000090500000| Complete |  0
|  94|0x0000000090600000, 0x0000000090700000, 0x0000000090700000|100%| E|CS|TAMS 0x0000000090600000| PB 0x0000000090600000| Complete |  0
|  95|0x0000000090700000, 0x0000000090800000, 0x0000000090800000|100%| E|CS|TAMS 0x0000000090700000| PB 0x0000000090700000| Complete |  0
|  96|0x0000000090800000, 0x0000000090900000, 0x0000000090900000|100%| E|CS|TAMS 0x0000000090800000| PB 0x0000000090800000| Complete |  0
| 117|0x0000000091d00000, 0x0000000091e00000, 0x0000000091e00000|100%| E|CS|TAMS 0x0000000091d00000| PB 0x0000000091d00000| Complete |  0
|1876|0x00000000ffc00000, 0x00000000ffceb6a0, 0x00000000ffd00000| 91%| O|  |TAMS 0x00000000ffc00000| PB 0x00000000ffc00000| Untracked |  0
|1877|0x00000000ffd00000, 0x00000000ffe00000, 0x00000000ffe00000|100%| O|  |TAMS 0x00000000ffd00000| PB 0x00000000ffd00000| Untracked |  0
|1878|0x00000000ffe00000, 0x00000000fff00000, 0x00000000fff00000|100%| O|  |TAMS 0x00000000ffe00000| PB 0x00000000ffe00000| Untracked |  0
|1879|0x00000000fff00000, 0x0000000100000000, 0x0000000100000000|100%| O|  |TAMS 0x00000000fff00000| PB 0x00000000fff00000| Untracked |  0

Card table byte_map: [0x000002197e6b0000,0x000002197ea60000] _byte_map_base: 0x000002197e25c000

Marking Bits: (CMBitMap*) 0x000002197dd48440
 Bits: [0x0000021917280000, 0x0000021918fe0000)

Polling page: 0x000002197bca0000

Metaspace:

Usage:
  Non-class:     22.33 MB used.
      Class:      3.76 MB used.
       Both:     26.09 MB used.

Virtual space:
  Non-class space:       64.00 MB reserved,      22.56 MB ( 35%) committed,  1 nodes.
      Class space:        1.00 GB reserved,       3.88 MB ( <1%) committed,  1 nodes.
             Both:        1.06 GB reserved,      26.44 MB (  2%) committed. 

Chunk freelists:
   Non-Class:  9.11 MB
       Class:  11.94 MB
        Both:  21.05 MB

MaxMetaspaceSize: unlimited
CompressedClassSpaceSize: 1.00 GB
Initial GC threshold: 21.00 MB
Current GC threshold: 35.25 MB
CDS: on
 - commit_granule_bytes: 65536.
 - commit_granule_words: 8192.
 - virtual_space_node_default_size: 8388608.
 - enlarge_chunks_in_place: 1.
 - use_allocation_guard: 0.


Internal statistics:

num_allocs_failed_limit: 3.
num_arena_births: 388.
num_arena_deaths: 0.
num_vsnodes_births: 2.
num_vsnodes_deaths: 0.
num_space_committed: 423.
num_space_uncommitted: 0.
num_chunks_returned_to_freelist: 3.
num_chunks_taken_from_freelist: 1115.
num_chunk_merges: 3.
num_chunk_splits: 784.
num_chunks_enlarged: 591.
num_inconsistent_stats: 0.

CodeHeap 'non-profiled nmethods': size=120000Kb used=1770Kb max_used=1770Kb free=118229Kb
 bounds [0x000002190fd50000, 0x000002190ffc0000, 0x0000021917280000]
CodeHeap 'profiled nmethods': size=120000Kb used=7580Kb max_used=7580Kb free=112420Kb
 bounds [0x0000021908280000, 0x00000219089f0000, 0x000002190f7b0000]
CodeHeap 'non-nmethods': size=5760Kb used=1941Kb max_used=1979Kb free=3819Kb
 bounds [0x000002190f7b0000, 0x000002190fa20000, 0x000002190fd50000]
 total_blobs=4917 nmethods=3999 adapters=821
 compilation: enabled
              stopped_count=0, restarted_count=0
 full_count=0

Compilation events (20 events):
Event: 12.420 Thread 0x000002197f6cdb50 nmethod 3994 0x00000219089e4c90 code [0x00000219089e4e20, 0x00000219089e4fa0]
Event: 13.065 Thread 0x000002197f6cdb50 3995       1       com.sun.javafx.scene.SceneEventDispatcher::getLastDispatcher (5 bytes)
Event: 13.065 Thread 0x000002197f6cdb50 nmethod 3995 0x000002190ff09390 code [0x000002190ff09520, 0x000002190ff095e8]
Event: 14.034 Thread 0x000002197f6cdb50 3996       3       com.sun.javafx.scene.input.PickResultChooser::computePoint (55 bytes)
Event: 14.034 Thread 0x000002197f6cdb50 nmethod 3996 0x00000219089e5090 code [0x00000219089e5240, 0x00000219089e54e0]
Event: 14.034 Thread 0x000002197f6cdb50 3997       3       com.sun.javafx.scene.input.PickResultChooser::offer (13 bytes)
Event: 14.034 Thread 0x000002197f6cdb50 nmethod 3997 0x00000219089e5690 code [0x00000219089e5840, 0x00000219089e59a8]
Event: 14.106 Thread 0x000002197f6cdb50 3998       3       javafx.scene.input.MouseEvent::copyFor (17 bytes)
Event: 14.106 Thread 0x000002197f6cdb50 nmethod 3998 0x00000219089e5a90 code [0x00000219089e5c40, 0x00000219089e5e70]
Event: 86.811 Thread 0x000002197f6c59c0 3999       4       com.sun.javafx.tk.quantum.QuantumToolkit::postPulse (133 bytes)
Event: 86.820 Thread 0x000002197f6c59c0 nmethod 3999 0x000002190ff09690 code [0x000002190ff09860, 0x000002190ff09b50]
Event: 86.981 Thread 0x000002197f6c59c0 4000       4       com.sun.javafx.tk.quantum.QuantumToolkit$$Lambda/0x000002191c03e390::run (8 bytes)
Event: 86.986 Thread 0x000002197f6c59c0 nmethod 4000 0x000002190ff09e10 code [0x000002190ff0a000, 0x000002190ff0a318]
Event: 88.200 Thread 0x000002197f6cdb50 4001       3       jdk.internal.loader.URLClassPath$JarLoader::findResource (18 bytes)
Event: 88.201 Thread 0x000002197f6cdb50 nmethod 4001 0x00000219089e5f90 code [0x00000219089e6160, 0x00000219089e63e0]
Event: 118.243 Thread 0x000002197f6cdb50 4002       3       jdk.internal.module.Resources::toPackageName (39 bytes)
Event: 118.244 Thread 0x000002197f6cdb50 nmethod 4002 0x00000219089e6510 code [0x00000219089e6740, 0x00000219089e6db0]
Event: 120.965 Thread 0x000002197f6cdb50 4003       1       java.util.logging.LogManager$LoggerContext::getOwner (5 bytes)
Event: 120.965 Thread 0x000002197f6cdb50 nmethod 4003 0x000002190ff0a610 code [0x000002190ff0a7a0, 0x000002190ff0a868]
Event: 120.967 Thread 0x000002197f6c59c0 4004       4       sun.invoke.util.VerifyAccess::isSamePackage (37 bytes)

GC Heap History (8 events):
Event: 1.017 GC heap before
{Heap before GC invocations=0 (full 0):
 garbage-first heap   total reserved 1925120K, committed 120832K, used 23552K [0x000000008a800000, 0x0000000100000000)
  region size 1024K, 24 young (24576K), 0 survivors (0K)
 Metaspace       used 5106K, committed 5376K, reserved 1114112K
  class space    used 602K, committed 704K, reserved 1048576K
}
Event: 1.024 GC heap after
{Heap after GC invocations=1 (full 0):
 garbage-first heap   total reserved 1925120K, committed 120832K, used 2940K [0x000000008a800000, 0x0000000100000000)
  region size 1024K, 3 young (3072K), 3 survivors (3072K)
 Metaspace       used 5106K, committed 5376K, reserved 1114112K
  class space    used 602K, committed 704K, reserved 1048576K
}
Event: 1.954 GC heap before
{Heap before GC invocations=1 (full 0):
 garbage-first heap   total reserved 1925120K, committed 120832K, used 37756K [0x000000008a800000, 0x0000000100000000)
  region size 1024K, 38 young (38912K), 3 survivors (3072K)
 Metaspace       used 13214K, committed 13568K, reserved 1114112K
  class space    used 1864K, committed 2048K, reserved 1048576K
}
Event: 1.962 GC heap after
{Heap after GC invocations=2 (full 0):
 garbage-first heap   total reserved 1925120K, committed 120832K, used 6797K [0x000000008a800000, 0x0000000100000000)
  region size 1024K, 4 young (4096K), 4 survivors (4096K)
 Metaspace       used 13214K, committed 13568K, reserved 1114112K
  class space    used 1864K, committed 2048K, reserved 1048576K
}
Event: 3.639 GC heap before
{Heap before GC invocations=2 (full 0):
 garbage-first heap   total reserved 1925120K, committed 120832K, used 28301K [0x000000008a800000, 0x0000000100000000)
  region size 1024K, 25 young (25600K), 4 survivors (4096K)
 Metaspace       used 21176K, committed 21504K, reserved 1114112K
  class space    used 2893K, committed 3072K, reserved 1048576K
}
Event: 3.646 GC heap after
{Heap after GC invocations=3 (full 0):
 garbage-first heap   total reserved 1925120K, committed 120832K, used 11955K [0x000000008a800000, 0x0000000100000000)
  region size 1024K, 7 young (7168K), 7 survivors (7168K)
 Metaspace       used 21176K, committed 21504K, reserved 1114112K
  class space    used 2893K, committed 3072K, reserved 1048576K
}
Event: 7.163 GC heap before
{Heap before GC invocations=4 (full 0):
 garbage-first heap   total reserved 1925120K, committed 40960K, used 40627K [0x000000008a800000, 0x0000000100000000)
  region size 1024K, 35 young (35840K), 7 survivors (7168K)
 Metaspace       used 26332K, committed 26688K, reserved 1114112K
  class space    used 3777K, committed 3904K, reserved 1048576K
}
Event: 7.174 GC heap after
{Heap after GC invocations=5 (full 0):
 garbage-first heap   total reserved 1925120K, committed 53248K, used 16340K [0x000000008a800000, 0x0000000100000000)
  region size 1024K, 8 young (8192K), 8 survivors (8192K)
 Metaspace       used 26332K, committed 26688K, reserved 1114112K
  class space    used 3777K, committed 3904K, reserved 1048576K
}

Dll operation events (20 events):
Event: 0.636 Loaded shared library C:\Users\Lenovo\.openjfx\cache\22-ea+11\amd64\api-ms-win-crt-math-l1-1-0.dll
Event: 0.640 Loaded shared library C:\Users\Lenovo\.openjfx\cache\22-ea+11\amd64\api-ms-win-crt-multibyte-l1-1-0.dll
Event: 0.645 Loaded shared library C:\Users\Lenovo\.openjfx\cache\22-ea+11\amd64\api-ms-win-crt-private-l1-1-0.dll
Event: 0.649 Loaded shared library C:\Users\Lenovo\.openjfx\cache\22-ea+11\amd64\api-ms-win-crt-process-l1-1-0.dll
Event: 0.654 Loaded shared library C:\Users\Lenovo\.openjfx\cache\22-ea+11\amd64\api-ms-win-crt-runtime-l1-1-0.dll
Event: 0.657 Loaded shared library C:\Users\Lenovo\.openjfx\cache\22-ea+11\amd64\api-ms-win-crt-stdio-l1-1-0.dll
Event: 0.662 Loaded shared library C:\Users\Lenovo\.openjfx\cache\22-ea+11\amd64\api-ms-win-crt-string-l1-1-0.dll
Event: 0.667 Loaded shared library C:\Users\Lenovo\.openjfx\cache\22-ea+11\amd64\api-ms-win-crt-time-l1-1-0.dll
Event: 0.670 Loaded shared library C:\Users\Lenovo\.openjfx\cache\22-ea+11\amd64\api-ms-win-crt-utility-l1-1-0.dll
Event: 0.689 Loaded shared library C:\Users\Lenovo\.openjfx\cache\22-ea+11\amd64\ucrtbase.dll
Event: 0.694 Loaded shared library C:\Users\Lenovo\.openjfx\cache\22-ea+11\amd64\vcruntime140.dll
Event: 0.699 Loaded shared library C:\Users\Lenovo\.openjfx\cache\22-ea+11\amd64\vcruntime140_1.dll
Event: 0.708 Loaded shared library C:\Users\Lenovo\.openjfx\cache\22-ea+11\amd64\msvcp140.dll
Event: 0.712 Loaded shared library C:\Users\Lenovo\.openjfx\cache\22-ea+11\amd64\msvcp140_1.dll
Event: 0.717 Loaded shared library C:\Users\Lenovo\.openjfx\cache\22-ea+11\amd64\msvcp140_2.dll
Event: 0.770 Loaded shared library C:\Users\Lenovo\.openjfx\cache\22-ea+11\amd64\prism_d3d.dll
Event: 0.845 Loaded shared library C:\Users\Lenovo\.openjfx\cache\22-ea+11\amd64\glass.dll
Event: 1.014 Loaded shared library C:\Users\Lenovo\.jdks\openjdk-22.0.1\bin\jimage.dll
Event: 1.232 Loaded shared library C:\Users\Lenovo\.openjfx\cache\22-ea+11\amd64\javafx_font.dll
Event: 3.554 Loaded shared library C:\Users\Lenovo\.jdks\openjdk-22.0.1\bin\sunmscapi.dll

Deoptimization events (20 events):
Event: 7.212 Thread 0x0000021960cfe310 Uncommon trap: trap_request=0xffffff45 fr.pc=0x000002190fe9c0e0 relative=0x0000000000000620
Event: 7.212 Thread 0x0000021960cfe310 Uncommon trap: reason=unstable_if action=reinterpret pc=0x000002190fe9c0e0 method=com.sun.javafx.css.StyleManager.getStyleMap(Ljavafx/css/Styleable;Ljavafx/scene/SubScene;I)Lcom/sun/javafx/css/StyleMap; @ 2 c2
Event: 7.212 Thread 0x0000021960cfe310 DEOPT PACKING pc=0x000002190fe9c0e0 sp=0x000000ddc51fa100
Event: 7.212 Thread 0x0000021960cfe310 DEOPT UNPACKING pc=0x000002190f8046a2 sp=0x000000ddc51fa040 mode 2
Event: 7.280 Thread 0x0000021960cfe310 Uncommon trap: trap_request=0xffffffc6 fr.pc=0x000002190fea37fc relative=0x000000000000011c
Event: 7.280 Thread 0x0000021960cfe310 Uncommon trap: reason=bimorphic_or_optimized_type_check action=maybe_recompile pc=0x000002190fea37fc method=javafx.beans.property.DoublePropertyBase.get()D @ 23 c2
Event: 7.280 Thread 0x0000021960cfe310 DEOPT PACKING pc=0x000002190fea37fc sp=0x000000ddc51f9cc0
Event: 7.280 Thread 0x0000021960cfe310 DEOPT UNPACKING pc=0x000002190f8046a2 sp=0x000000ddc51f9c48 mode 2
Event: 7.280 Thread 0x0000021960cfe310 Uncommon trap: trap_request=0xffffffc6 fr.pc=0x000002190fea37fc relative=0x000000000000011c
Event: 7.280 Thread 0x0000021960cfe310 Uncommon trap: reason=bimorphic_or_optimized_type_check action=maybe_recompile pc=0x000002190fea37fc method=javafx.beans.property.DoublePropertyBase.get()D @ 23 c2
Event: 7.280 Thread 0x0000021960cfe310 DEOPT PACKING pc=0x000002190fea37fc sp=0x000000ddc51f9cc0
Event: 7.280 Thread 0x0000021960cfe310 DEOPT UNPACKING pc=0x000002190f8046a2 sp=0x000000ddc51f9c48 mode 2
Event: 7.280 Thread 0x0000021960cfe310 Uncommon trap: trap_request=0xffffffc6 fr.pc=0x000002190fea37fc relative=0x000000000000011c
Event: 7.280 Thread 0x0000021960cfe310 Uncommon trap: reason=bimorphic_or_optimized_type_check action=maybe_recompile pc=0x000002190fea37fc method=javafx.beans.property.DoublePropertyBase.get()D @ 23 c2
Event: 7.280 Thread 0x0000021960cfe310 DEOPT PACKING pc=0x000002190fea37fc sp=0x000000ddc51f9c80
Event: 7.280 Thread 0x0000021960cfe310 DEOPT UNPACKING pc=0x000002190f8046a2 sp=0x000000ddc51f9c08 mode 2
Event: 7.281 Thread 0x0000021960cfe310 Uncommon trap: trap_request=0xffffffc6 fr.pc=0x000002190fea37fc relative=0x000000000000011c
Event: 7.281 Thread 0x0000021960cfe310 Uncommon trap: reason=bimorphic_or_optimized_type_check action=maybe_recompile pc=0x000002190fea37fc method=javafx.beans.property.DoublePropertyBase.get()D @ 23 c2
Event: 7.281 Thread 0x0000021960cfe310 DEOPT PACKING pc=0x000002190fea37fc sp=0x000000ddc51f9cc0
Event: 7.281 Thread 0x0000021960cfe310 DEOPT UNPACKING pc=0x000002190f8046a2 sp=0x000000ddc51f9c48 mode 2

Classes loaded (20 events):
Event: 3.834 Loading class sun/security/ssl/PostHandshakeContext
Event: 3.834 Loading class sun/security/ssl/PostHandshakeContext done
Event: 3.835 Loading class sun/security/ssl/NewSessionTicket$T13NewSessionTicketMessage
Event: 3.835 Loading class sun/security/ssl/NewSessionTicket$NewSessionTicketMessage
Event: 3.835 Loading class sun/security/ssl/NewSessionTicket$NewSessionTicketMessage done
Event: 3.835 Loading class sun/security/ssl/NewSessionTicket$T13NewSessionTicketMessage done
Event: 3.893 Loading class java/util/TimerTask
Event: 3.893 Loading class java/util/TimerTask done
Event: 3.944 Loading class java/time/format/DateTimeParseException
Event: 3.945 Loading class java/time/DateTimeException
Event: 3.945 Loading class java/time/DateTimeException done
Event: 3.945 Loading class java/time/format/DateTimeParseException done
Event: 4.590 Loading class java/lang/FdLibm$Atan2
Event: 4.590 Loading class java/lang/FdLibm$Atan2 done
Event: 4.591 Loading class java/lang/FdLibm
Event: 4.591 Loading class java/lang/FdLibm done
Event: 7.218 Loading class java/lang/FdLibm$Hypot
Event: 7.218 Loading class java/lang/FdLibm$Hypot done
Event: 120.963 Loading class jdk/internal/misc/Signal$1
Event: 120.964 Loading class jdk/internal/misc/Signal$1 done

Classes unloaded (0 events):
No events

Classes redefined (0 events):
No events

Internal exceptions (20 events):
Event: 2.894 Thread 0x0000021960cfe310 Exception <a 'java/lang/NoSuchMethodError'{0x0000000091897408}: 'long java.lang.invoke.DirectMethodHandle$Holder.invokeStaticInit(java.lang.Object, java.lang.Object, java.lang.Object)'> (0x0000000091897408) 
thrown [s\open\src\hotspot\share\interpreter\linkResolver.cpp, line 774]
Event: 2.896 Thread 0x0000021960cfe310 Exception <a 'java/lang/NoSuchMethodError'{0x00000000918ac080}: 'java.lang.Object java.lang.invoke.DirectMethodHandle$Holder.newInvokeSpecial(java.lang.Object, java.lang.Object, long)'> (0x00000000918ac080) 
thrown [s\open\src\hotspot\share\interpreter\linkResolver.cpp, line 774]
Event: 2.897 Thread 0x0000021960cfe310 Exception <a 'java/lang/NoSuchMethodError'{0x00000000918af9c8}: 'java.lang.Object java.lang.invoke.Invokers$Holder.linkToTargetMethod(java.lang.Object, long, java.lang.Object)'> (0x00000000918af9c8) 
thrown [s\open\src\hotspot\share\interpreter\linkResolver.cpp, line 774]
Event: 3.119 Thread 0x0000021960cfe310 Exception <a 'sun/nio/fs/WindowsException'{0x000000009136ef58}> (0x000000009136ef58) 
thrown [s\open\src\hotspot\share\prims\jni.cpp, line 520]
Event: 3.155 Thread 0x0000021960cfe310 Exception <a 'sun/nio/fs/WindowsException'{0x0000000091240c68}> (0x0000000091240c68) 
thrown [s\open\src\hotspot\share\prims\jni.cpp, line 520]
Event: 3.156 Thread 0x0000021960cfe310 Exception <a 'sun/nio/fs/WindowsException'{0x0000000091242b60}> (0x0000000091242b60) 
thrown [s\open\src\hotspot\share\prims\jni.cpp, line 520]
Event: 3.165 Thread 0x0000021960cfe310 Exception <a 'sun/nio/fs/WindowsException'{0x000000009129cb80}> (0x000000009129cb80) 
thrown [s\open\src\hotspot\share\prims\jni.cpp, line 520]
Event: 3.165 Thread 0x0000021960cfe310 Exception <a 'sun/nio/fs/WindowsException'{0x000000009129e9a0}> (0x000000009129e9a0) 
thrown [s\open\src\hotspot\share\prims\jni.cpp, line 520]
Event: 3.172 Thread 0x0000021960cfe310 Exception <a 'java/lang/NoSuchMethodError'{0x00000000912b2828}: 'java.lang.Object java.lang.invoke.DirectMethodHandle$Holder.invokeVirtual(java.lang.Object, java.lang.Object, java.lang.Object)'> (0x00000000912b2828) 
thrown [s\open\src\hotspot\share\interpreter\linkResolver.cpp, line 774]
Event: 3.246 Thread 0x0000021960cfe310 Exception <a 'sun/nio/fs/WindowsException'{0x0000000090f933e0}> (0x0000000090f933e0) 
thrown [s\open\src\hotspot\share\prims\jni.cpp, line 520]
Event: 3.373 Thread 0x0000021960cfe310 Exception <a 'sun/nio/fs/WindowsException'{0x0000000090c16db0}> (0x0000000090c16db0) 
thrown [s\open\src\hotspot\share\prims\jni.cpp, line 520]
Event: 3.429 Thread 0x0000021960cfe310 Exception <a 'sun/nio/fs/WindowsException'{0x0000000090b06a70}> (0x0000000090b06a70) 
thrown [s\open\src\hotspot\share\prims\jni.cpp, line 520]
Event: 3.435 Thread 0x0000021960cfe310 Exception <a 'sun/nio/fs/WindowsException'{0x0000000090b17790}> (0x0000000090b17790) 
thrown [s\open\src\hotspot\share\prims\jni.cpp, line 520]
Event: 3.482 Thread 0x0000021960cfe310 Exception <a 'java/lang/NoSuchMethodError'{0x0000000090baa1a8}: 'java.lang.Object java.lang.invoke.DirectMethodHandle$Holder.invokeStaticInit(java.lang.Object, int, int, int, int)'> (0x0000000090baa1a8) 
thrown [s\open\src\hotspot\share\interpreter\linkResolver.cpp, line 774]
Event: 3.511 Thread 0x0000021960cfe310 Exception <a 'java/lang/NoSuchMethodError'{0x0000000090a67238}: 'java.lang.Object java.lang.invoke.DirectMethodHandle$Holder.invokeStaticInit(java.lang.Object, java.lang.Object, int, int, int, int)'> (0x0000000090a67238) 
thrown [s\open\src\hotspot\share\interpreter\linkResolver.cpp, line 774]
Event: 3.995 Thread 0x0000021960cfe310 Exception <a 'java/lang/ClassNotFoundException'{0x000000008c3a81c8}: com/sun/javafx/scene/control/skin/resources/controls> (0x000000008c3a81c8) 
thrown [s\open\src\hotspot\share\prims\jni.cpp, line 539]
Event: 3.996 Thread 0x0000021960cfe310 Exception <a 'java/lang/ClassNotFoundException'{0x000000008c3b66a0}: com/sun/javafx/scene/control/skin/resources/controls_ru> (0x000000008c3b66a0) 
thrown [s\open\src\hotspot\share\prims\jni.cpp, line 539]
Event: 3.996 Thread 0x0000021960cfe310 Exception <a 'java/lang/ClassNotFoundException'{0x000000008c3b7920}: com/sun/javafx/scene/control/skin/resources/controls_ru_RU> (0x000000008c3b7920) 
thrown [s\open\src\hotspot\share\prims\jni.cpp, line 539]
Event: 4.143 Thread 0x0000021960cfe310 Exception <a 'java/lang/NoSuchMethodError'{0x000000008bd79f08}: 'int java.lang.invoke.DirectMethodHandle$Holder.invokeVirtual(java.lang.Object, java.lang.Object)'> (0x000000008bd79f08) 
thrown [s\open\src\hotspot\share\interpreter\linkResolver.cpp, line 774]
Event: 7.192 Thread 0x0000021960cfe310 Exception <a 'java/lang/NoSuchMethodError'{0x0000000090806460}: 'void java.lang.invoke.DirectMethodHandle$Holder.invokeSpecial(java.lang.Object, java.lang.Object, java.lang.Object, java.lang.Object, java.lang.Object, java.lang.Object)'> (0x0000000090806460) 
thrown [s\open\src\hotspot\share\interpreter\linkResolver.cpp, line 774]

ZGC Phase Switch (0 events):
No events

VM Operations (20 events):
Event: 7.090 Executing VM operation: HandshakeAllThreads (Deoptimize) done
Event: 7.162 Executing VM operation: G1CollectForAllocation (G1 Evacuation Pause)
Event: 7.174 Executing VM operation: G1CollectForAllocation (G1 Evacuation Pause) done
Event: 8.175 Executing VM operation: Cleanup
Event: 8.175 Executing VM operation: Cleanup done
Event: 9.176 Executing VM operation: Cleanup
Event: 9.176 Executing VM operation: Cleanup done
Event: 10.177 Executing VM operation: Cleanup
Event: 10.177 Executing VM operation: Cleanup done
Event: 11.178 Executing VM operation: Cleanup
Event: 11.178 Executing VM operation: Cleanup done
Event: 12.179 Executing VM operation: Cleanup
Event: 12.179 Executing VM operation: Cleanup done
Event: 13.180 Executing VM operation: Cleanup
Event: 13.180 Executing VM operation: Cleanup done
Event: 60.207 Executing VM operation: HandshakeAllThreads (HandshakeForDeflation)
Event: 60.207 Executing VM operation: HandshakeAllThreads (HandshakeForDeflation) done
Event: 60.207 Executing VM operation: RendezvousGCThreads
Event: 60.207 Executing VM operation: RendezvousGCThreads done
Event: 120.969 Executing VM operation: Exit

Events (20 events):
Event: 0.851 Thread 0x000002197f6cb940 Thread exited: 0x000002197f6cb940
Event: 0.854 Thread 0x0000021960cfe310 Thread added: 0x0000021960cfe310
Event: 0.971 Thread 0x0000021960959f10 Thread added: 0x0000021960959f10
Event: 0.980 Thread 0x0000021961093610 Thread added: 0x0000021961093610
Event: 1.352 Thread 0x000002196198dd80 Thread added: 0x000002196198dd80
Event: 1.431 Thread 0x000002197f6ca4d0 Thread added: 0x000002197f6ca4d0
Event: 1.436 Thread 0x000002197f6caba0 Thread added: 0x000002197f6caba0
Event: 1.942 Thread 0x000002197f6caba0 Thread exited: 0x000002197f6caba0
Event: 1.943 Thread 0x000002197f6ca4d0 Thread exited: 0x000002197f6ca4d0
Event: 1.999 Thread 0x0000021961915630 Thread added: 0x0000021961915630
Event: 3.116 Thread 0x0000021961915cc0 Thread added: 0x0000021961915cc0
Event: 3.164 Thread 0x000002197f6cc010 Thread added: 0x000002197f6cc010
Event: 4.913 Thread 0x000002197f6cc010 Thread exited: 0x000002197f6cc010
Event: 6.959 Thread 0x000002197f6cb270 Thread added: 0x000002197f6cb270
Event: 7.554 Thread 0x000002197f6cb270 Thread exited: 0x000002197f6cb270
Event: 120.964 Thread 0x0000021961916350 Thread added: 0x0000021961916350
Event: 120.965 Thread 0x00000219619169e0 Thread added: 0x00000219619169e0
Event: 120.965 Thread 0x0000021961914910 Thread added: 0x0000021961914910
Event: 120.966 Thread 0x0000021961914910 Thread exited: 0x0000021961914910
Event: 120.968 Thread 0x00000219619169e0 Thread exited: 0x00000219619169e0


Dynamic libraries:
0x00007ff7bc620000 - 0x00007ff7bc62e000 	C:\Users\Lenovo\.jdks\openjdk-22.0.1\bin\java.exe
0x00007ffb3b0b0000 - 0x00007ffb3b2c7000 	C:\WINDOWS\SYSTEM32\ntdll.dll
0x00007ffb0db10000 - 0x00007ffb0db29000 	C:\Program Files\Avast Software\Avast\aswhook.dll
0x00007ffb39c70000 - 0x00007ffb39d34000 	C:\WINDOWS\System32\KERNEL32.DLL
0x00007ffb38550000 - 0x00007ffb388f7000 	C:\WINDOWS\System32\KERNELBASE.dll
0x00007ffb383d0000 - 0x00007ffb384e1000 	C:\WINDOWS\System32\ucrtbase.dll
0x00007ffb2c9c0000 - 0x00007ffb2c9d7000 	C:\Users\Lenovo\.jdks\openjdk-22.0.1\bin\jli.dll
0x00007ffb26460000 - 0x00007ffb2647b000 	C:\Users\Lenovo\.jdks\openjdk-22.0.1\bin\VCRUNTIME140.dll
0x00007ffb390c0000 - 0x00007ffb3926e000 	C:\WINDOWS\System32\USER32.dll
0x00007ffb239d0000 - 0x00007ffb23c63000 	C:\WINDOWS\WinSxS\amd64_microsoft.windows.common-controls_6595b64144ccf1df_6.0.22621.3527_none_270e469b73872a76\COMCTL32.dll
0x00007ffb39600000 - 0x00007ffb396a7000 	C:\WINDOWS\System32\msvcrt.dll
0x00007ffb384f0000 - 0x00007ffb38516000 	C:\WINDOWS\System32\win32u.dll
0x00007ffb3aec0000 - 0x00007ffb3aee9000 	C:\WINDOWS\System32\GDI32.dll
0x00007ffb38cc0000 - 0x00007ffb38dd9000 	C:\WINDOWS\System32\gdi32full.dll
0x00007ffb389f0000 - 0x00007ffb38a8a000 	C:\WINDOWS\System32\msvcp_win.dll
0x00007ffb39d40000 - 0x00007ffb39d71000 	C:\WINDOWS\System32\IMM32.DLL
0x00007ffb32320000 - 0x00007ffb3232c000 	C:\Users\Lenovo\.jdks\openjdk-22.0.1\bin\vcruntime140_1.dll
0x00007ffb26060000 - 0x00007ffb260ee000 	C:\Users\Lenovo\.jdks\openjdk-22.0.1\bin\msvcp140.dll
0x00007ffa9f810000 - 0x00007ffaa0557000 	C:\Users\Lenovo\.jdks\openjdk-22.0.1\bin\server\jvm.dll
0x00007ffb3af00000 - 0x00007ffb3afb2000 	C:\WINDOWS\System32\ADVAPI32.dll
0x00007ffb3afc0000 - 0x00007ffb3b068000 	C:\WINDOWS\System32\sechost.dll
0x00007ffb38520000 - 0x00007ffb38548000 	C:\WINDOWS\System32\bcrypt.dll
0x00007ffb38de0000 - 0x00007ffb38ef5000 	C:\WINDOWS\System32\RPCRT4.dll
0x00007ffb39ff0000 - 0x00007ffb3a061000 	C:\WINDOWS\System32\WS2_32.dll
0x00007ffb380e0000 - 0x00007ffb3812d000 	C:\WINDOWS\SYSTEM32\POWRPROF.dll
0x00007ffb2fb70000 - 0x00007ffb2fb7a000 	C:\WINDOWS\SYSTEM32\VERSION.dll
0x00007ffb35c50000 - 0x00007ffb35c84000 	C:\WINDOWS\SYSTEM32\WINMM.dll
0x00007ffb380c0000 - 0x00007ffb380d3000 	C:\WINDOWS\SYSTEM32\UMPDC.dll
0x00007ffb373b0000 - 0x00007ffb373c8000 	C:\WINDOWS\SYSTEM32\kernel.appcore.dll
0x00007ffb2d030000 - 0x00007ffb2d03a000 	C:\Users\Lenovo\.jdks\openjdk-22.0.1\bin\jimage.dll
0x00007ffb359f0000 - 0x00007ffb35c22000 	C:\WINDOWS\SYSTEM32\DBGHELP.DLL
0x00007ffb396b0000 - 0x00007ffb39a38000 	C:\WINDOWS\System32\combase.dll
0x00007ffb39310000 - 0x00007ffb393e7000 	C:\WINDOWS\System32\OLEAUT32.dll
0x00007ffb35c90000 - 0x00007ffb35cc2000 	C:\WINDOWS\SYSTEM32\dbgcore.DLL
0x00007ffb38970000 - 0x00007ffb389e9000 	C:\WINDOWS\System32\bcryptPrimitives.dll
0x00007ffb2cf90000 - 0x00007ffb2cf9f000 	C:\Users\Lenovo\.jdks\openjdk-22.0.1\bin\instrument.dll
0x00007ffb26440000 - 0x00007ffb2645e000 	C:\Users\Lenovo\.jdks\openjdk-22.0.1\bin\java.dll
0x00007ffb3a660000 - 0x00007ffb3aebc000 	C:\WINDOWS\System32\SHELL32.dll
0x00007ffb38f00000 - 0x00007ffb390a5000 	C:\WINDOWS\System32\ole32.dll
0x00007ffb362c0000 - 0x00007ffb36bb6000 	C:\WINDOWS\SYSTEM32\windows.storage.dll
0x00007ffb36180000 - 0x00007ffb362be000 	C:\WINDOWS\SYSTEM32\wintypes.dll
0x00007ffb393f0000 - 0x00007ffb394e5000 	C:\WINDOWS\System32\SHCORE.dll
0x00007ffb3a0d0000 - 0x00007ffb3a12e000 	C:\WINDOWS\System32\shlwapi.dll
0x00007ffb38300000 - 0x00007ffb38321000 	C:\WINDOWS\SYSTEM32\profapi.dll
0x00007ffb24480000 - 0x00007ffb24557000 	C:\Users\Lenovo\.jdks\openjdk-22.0.1\bin\jsvml.dll
0x00007ffb27a80000 - 0x00007ffb27a90000 	C:\Users\Lenovo\.jdks\openjdk-22.0.1\bin\net.dll
0x00007ffb37810000 - 0x00007ffb37879000 	C:\WINDOWS\system32\mswsock.dll
0x00007ffb26420000 - 0x00007ffb26436000 	C:\Users\Lenovo\.jdks\openjdk-22.0.1\bin\nio.dll
0x00007ffb263c0000 - 0x00007ffb263d7000 	C:\Users\Lenovo\.jdks\openjdk-22.0.1\bin\zip.dll
0x00007ffb261e0000 - 0x00007ffb261fa000 	E:\Apps\Intellij\IntelliJ IDEA Community Edition 2023.3.4\bin\breakgen64.dll
0x0000021961d10000 - 0x0000021961d13000 	C:\Users\Lenovo\.openjfx\cache\22-ea+11\amd64\api-ms-win-core-console-l1-1-0.dll
0x0000021962040000 - 0x0000021962043000 	C:\Users\Lenovo\.openjfx\cache\22-ea+11\amd64\api-ms-win-core-console-l1-2-0.dll
0x0000021962050000 - 0x0000021962053000 	C:\Users\Lenovo\.openjfx\cache\22-ea+11\amd64\api-ms-win-core-datetime-l1-1-0.dll
0x0000021961d20000 - 0x0000021961d23000 	C:\Users\Lenovo\.openjfx\cache\22-ea+11\amd64\api-ms-win-core-debug-l1-1-0.dll
0x0000021961d30000 - 0x0000021961d33000 	C:\Users\Lenovo\.openjfx\cache\22-ea+11\amd64\api-ms-win-core-errorhandling-l1-1-0.dll
0x0000021961d40000 - 0x0000021961d44000 	C:\Users\Lenovo\.openjfx\cache\22-ea+11\amd64\api-ms-win-core-file-l1-1-0.dll
0x0000021961d50000 - 0x0000021961d53000 	C:\Users\Lenovo\.openjfx\cache\22-ea+11\amd64\api-ms-win-core-file-l1-2-0.dll
0x0000021961d60000 - 0x0000021961d63000 	C:\Users\Lenovo\.openjfx\cache\22-ea+11\amd64\api-ms-win-core-file-l2-1-0.dll
0x0000021961d70000 - 0x0000021961d73000 	C:\Users\Lenovo\.openjfx\cache\22-ea+11\amd64\api-ms-win-core-handle-l1-1-0.dll
0x0000021961d80000 - 0x0000021961d83000 	C:\Users\Lenovo\.openjfx\cache\22-ea+11\amd64\api-ms-win-core-heap-l1-1-0.dll
0x0000021961d90000 - 0x0000021961d93000 	C:\Users\Lenovo\.openjfx\cache\22-ea+11\amd64\api-ms-win-core-interlocked-l1-1-0.dll
0x0000021961da0000 - 0x0000021961da3000 	C:\Users\Lenovo\.openjfx\cache\22-ea+11\amd64\api-ms-win-core-libraryloader-l1-1-0.dll
0x0000021961db0000 - 0x0000021961db3000 	C:\Users\Lenovo\.openjfx\cache\22-ea+11\amd64\api-ms-win-core-localization-l1-2-0.dll
0x0000021961dc0000 - 0x0000021961dc3000 	C:\Users\Lenovo\.openjfx\cache\22-ea+11\amd64\api-ms-win-core-memory-l1-1-0.dll
0x0000021961dd0000 - 0x0000021961dd3000 	C:\Users\Lenovo\.openjfx\cache\22-ea+11\amd64\api-ms-win-core-namedpipe-l1-1-0.dll
0x0000021961f00000 - 0x0000021961f03000 	C:\Users\Lenovo\.openjfx\cache\22-ea+11\amd64\api-ms-win-core-processenvironment-l1-1-0.dll
0x0000021961f10000 - 0x0000021961f13000 	C:\Users\Lenovo\.openjfx\cache\22-ea+11\amd64\api-ms-win-core-processthreads-l1-1-0.dll
0x0000021961f20000 - 0x0000021961f23000 	C:\Users\Lenovo\.openjfx\cache\22-ea+11\amd64\api-ms-win-core-processthreads-l1-1-1.dll
0x0000021961f30000 - 0x0000021961f33000 	C:\Users\Lenovo\.openjfx\cache\22-ea+11\amd64\api-ms-win-core-profile-l1-1-0.dll
0x0000021961f40000 - 0x0000021961f43000 	C:\Users\Lenovo\.openjfx\cache\22-ea+11\amd64\api-ms-win-core-rtlsupport-l1-1-0.dll
0x0000021961f50000 - 0x0000021961f53000 	C:\Users\Lenovo\.openjfx\cache\22-ea+11\amd64\api-ms-win-core-string-l1-1-0.dll
0x0000021961de0000 - 0x0000021961de3000 	C:\Users\Lenovo\.openjfx\cache\22-ea+11\amd64\api-ms-win-core-synch-l1-1-0.dll
0x0000021961df0000 - 0x0000021961df3000 	C:\Users\Lenovo\.openjfx\cache\22-ea+11\amd64\api-ms-win-core-synch-l1-2-0.dll
0x0000021961e00000 - 0x0000021961e03000 	C:\Users\Lenovo\.openjfx\cache\22-ea+11\amd64\api-ms-win-core-sysinfo-l1-1-0.dll
0x0000021961e10000 - 0x0000021961e13000 	C:\Users\Lenovo\.openjfx\cache\22-ea+11\amd64\api-ms-win-core-timezone-l1-1-0.dll
0x0000021961e20000 - 0x0000021961e23000 	C:\Users\Lenovo\.openjfx\cache\22-ea+11\amd64\api-ms-win-core-util-l1-1-0.dll
0x0000021961e30000 - 0x0000021961e33000 	C:\Users\Lenovo\.openjfx\cache\22-ea+11\amd64\api-ms-win-crt-conio-l1-1-0.dll
0x0000021961e40000 - 0x0000021961e44000 	C:\Users\Lenovo\.openjfx\cache\22-ea+11\amd64\api-ms-win-crt-convert-l1-1-0.dll
0x0000021961e50000 - 0x0000021961e53000 	C:\Users\Lenovo\.openjfx\cache\22-ea+11\amd64\api-ms-win-crt-environment-l1-1-0.dll
0x0000021961e60000 - 0x0000021961e63000 	C:\Users\Lenovo\.openjfx\cache\22-ea+11\amd64\api-ms-win-crt-filesystem-l1-1-0.dll
0x0000021961e70000 - 0x0000021961e73000 	C:\Users\Lenovo\.openjfx\cache\22-ea+11\amd64\api-ms-win-crt-heap-l1-1-0.dll
0x0000021961e80000 - 0x0000021961e83000 	C:\Users\Lenovo\.openjfx\cache\22-ea+11\amd64\api-ms-win-crt-locale-l1-1-0.dll
0x0000021961e90000 - 0x0000021961e95000 	C:\Users\Lenovo\.openjfx\cache\22-ea+11\amd64\api-ms-win-crt-math-l1-1-0.dll
0x0000021961ea0000 - 0x0000021961ea5000 	C:\Users\Lenovo\.openjfx\cache\22-ea+11\amd64\api-ms-win-crt-multibyte-l1-1-0.dll
0x0000021961eb0000 - 0x0000021961ec0000 	C:\Users\Lenovo\.openjfx\cache\22-ea+11\amd64\api-ms-win-crt-private-l1-1-0.dll
0x0000021961ec0000 - 0x0000021961ec3000 	C:\Users\Lenovo\.openjfx\cache\22-ea+11\amd64\api-ms-win-crt-process-l1-1-0.dll
0x0000021961ed0000 - 0x0000021961ed4000 	C:\Users\Lenovo\.openjfx\cache\22-ea+11\amd64\api-ms-win-crt-runtime-l1-1-0.dll
0x0000021961ee0000 - 0x0000021961ee4000 	C:\Users\Lenovo\.openjfx\cache\22-ea+11\amd64\api-ms-win-crt-stdio-l1-1-0.dll
0x0000021961ef0000 - 0x0000021961ef4000 	C:\Users\Lenovo\.openjfx\cache\22-ea+11\amd64\api-ms-win-crt-string-l1-1-0.dll
0x0000021961f60000 - 0x0000021961f63000 	C:\Users\Lenovo\.openjfx\cache\22-ea+11\amd64\api-ms-win-crt-time-l1-1-0.dll
0x0000021961f70000 - 0x0000021961f73000 	C:\Users\Lenovo\.openjfx\cache\22-ea+11\amd64\api-ms-win-crt-utility-l1-1-0.dll
0x00007ffb1bdb0000 - 0x00007ffb1beac000 	C:\Users\Lenovo\.openjfx\cache\22-ea+11\amd64\ucrtbase.dll
0x00007ffb261c0000 - 0x00007ffb261db000 	C:\Users\Lenovo\.openjfx\cache\22-ea+11\amd64\vcruntime140.dll
0x00007ffb261b0000 - 0x00007ffb261bc000 	C:\Users\Lenovo\.openjfx\cache\22-ea+11\amd64\vcruntime140_1.dll
0x00007ffb1bd20000 - 0x00007ffb1bdae000 	C:\Users\Lenovo\.openjfx\cache\22-ea+11\amd64\msvcp140.dll
0x00007ffb26020000 - 0x00007ffb26029000 	C:\Users\Lenovo\.openjfx\cache\22-ea+11\amd64\msvcp140_1.dll
0x00007ffb24630000 - 0x00007ffb2465f000 	C:\Users\Lenovo\.openjfx\cache\22-ea+11\amd64\msvcp140_2.dll
0x00007ffb1d830000 - 0x00007ffb1d85f000 	C:\Users\Lenovo\.openjfx\cache\22-ea+11\amd64\prism_d3d.dll
0x00007ffacef10000 - 0x00007ffacf0b9000 	C:\WINDOWS\system32\d3d9.dll
0x00007ffb354a0000 - 0x00007ffb354cb000 	C:\WINDOWS\SYSTEM32\dwmapi.dll
0x00007ffb35330000 - 0x00007ffb35369000 	C:\WINDOWS\SYSTEM32\dxcore.dll
0x00007ffb35240000 - 0x00007ffb352eb000 	C:\WINDOWS\system32\uxtheme.dll
0x00007ffb2e3c0000 - 0x00007ffb2e57b000 	C:\WINDOWS\System32\DriverStore\FileRepository\u0382181.inf_amd64_b079c95a12ecd046\B382000\aticfx64.dll
0x00007ffb1d7f0000 - 0x00007ffb1d824000 	C:\WINDOWS\System32\DriverStore\FileRepository\u0382181.inf_amd64_b079c95a12ecd046\B382000\atiu9p64.dll
0x00007ffa88c40000 - 0x00007ffa89995000 	C:\WINDOWS\System32\DriverStore\FileRepository\u0382181.inf_amd64_b079c95a12ecd046\B382000\atiumd64.dll
0x0000000060700000 - 0x0000000061626000 	C:\WINDOWS\System32\DriverStore\FileRepository\u0382181.inf_amd64_b079c95a12ecd046\B382000\atiumd6a.dll
0x00007ffb3a1e0000 - 0x00007ffb3a654000 	C:\WINDOWS\System32\SETUPAPI.dll
0x00007ffb2ded0000 - 0x00007ffb2df05000 	C:\WINDOWS\SYSTEM32\amdihk64.dll
0x00007ffb315c0000 - 0x00007ffb3160a000 	C:\WINDOWS\SYSTEM32\directxdatabasehelper.dll
0x00007ffb10b60000 - 0x00007ffb10ba2000 	C:\Users\Lenovo\.openjfx\cache\22-ea+11\amd64\glass.dll
0x00007ffb39ef0000 - 0x00007ffb39fe7000 	C:\WINDOWS\System32\COMDLG32.dll
0x00007ffb39d90000 - 0x00007ffb39ee3000 	C:\WINDOWS\System32\MSCTF.dll
0x00007ffb24310000 - 0x00007ffb24324000 	C:\Users\Lenovo\.openjfx\cache\22-ea+11\amd64\javafx_font.dll
0x00007ffb33800000 - 0x00007ffb33a74000 	C:\WINDOWS\SYSTEM32\dwrite.dll
0x00007ffb3a130000 - 0x00007ffb3a1e0000 	C:\WINDOWS\System32\clbcatq.dll
0x00007ffb33260000 - 0x00007ffb33410000 	C:\WINDOWS\SYSTEM32\WindowsCodecs.dll
0x00007ffb085d0000 - 0x00007ffb0862e000 	C:\WINDOWS\system32\dataexchange.dll
0x00007ffb2ebf0000 - 0x00007ffb2ee7b000 	C:\WINDOWS\system32\twinapi.appcore.dll
0x00007ffb1ce50000 - 0x00007ffb1ce82000 	C:\Program Files\Common Files\Microsoft Shared\Ink\rtscom.dll
0x00007ffb29450000 - 0x00007ffb2959b000 	C:\WINDOWS\SYSTEM32\textinputframework.dll
0x00007ffb34c70000 - 0x00007ffb34da3000 	C:\WINDOWS\SYSTEM32\CoreMessaging.dll
0x00007ffb30b50000 - 0x00007ffb30ebc000 	C:\WINDOWS\SYSTEM32\CoreUIComponents.dll
0x00007ffb37b40000 - 0x00007ffb37b4c000 	C:\WINDOWS\SYSTEM32\CRYPTBASE.DLL
0x00007ffb33cf0000 - 0x00007ffb342de000 	C:\WINDOWS\SYSTEM32\d2d1.dll
0x00007ffb33a90000 - 0x00007ffb33ce7000 	C:\WINDOWS\SYSTEM32\d3d11.dll
0x00007ffb35390000 - 0x00007ffb35487000 	C:\WINDOWS\SYSTEM32\dxgi.dll
0x00007ffb2ffb0000 - 0x00007ffb306c1000 	C:\WINDOWS\SYSTEM32\D3D10Warp.dll
0x00007ffb36e50000 - 0x00007ffb36f48000 	C:\WINDOWS\SYSTEM32\DNSAPI.dll

dbghelp: loaded successfully - version: 4.0.5 - missing functions: none
symbol engine: initialized successfully - sym options: 0x614 - pdb path: .;C:\Users\Lenovo\.jdks\openjdk-22.0.1\bin;C:\WINDOWS\SYSTEM32;C:\Program Files\Avast Software\Avast;C:\WINDOWS\WinSxS\amd64_microsoft.windows.common-controls_6595b64144ccf1df_6.0.22621.3527_none_270e469b73872a76;C:\Users\Lenovo\.jdks\openjdk-22.0.1\bin\server;E:\Apps\Intellij\IntelliJ IDEA Community Edition 2023.3.4\bin;C:\Users\Lenovo\.openjfx\cache\22-ea+11\amd64;C:\WINDOWS\System32\DriverStore\FileRepository\u0382181.inf_amd64_b079c95a12ecd046\B382000;C:\Program Files\Common Files\Microsoft Shared\Ink

VM Arguments:
jvm_args: --enable-preview -javaagent:E:\Apps\Intellij\IntelliJ IDEA Community Edition 2023.3.4\lib\idea_rt.jar=51463:E:\Apps\Intellij\IntelliJ IDEA Community Edition 2023.3.4\bin -Dfile.encoding=UTF-8 -Dsun.stdout.encoding=UTF-8 -Dsun.stderr.encoding=UTF-8 --module-path=C:\Users\Lenovo\.m2\repository\org\openjfx\javafx-fxml\22-ea+11\javafx-fxml-22-ea+11-win.jar;C:\Users\Lenovo\.m2\repository\org\openjfx\javafx-base\22-ea+11\javafx-base-22-ea+11-win.jar;C:\Users\Lenovo\.m2\repository\org\openjfx\javafx-controls\22-ea+11\javafx-controls-22-ea+11-win.jar;C:\Users\Lenovo\.m2\repository\org\openjfx\javafx-graphics\22-ea+11\javafx-graphics-22-ea+11-win.jar;D:\java\java project\Probs\target\classes -Djdk.module.main=org.example.probs 
java_command: org.example.probs/org.example.probs.HelloApplication
java_class_path (initial): C:\Users\Lenovo\.m2\repository\org\openjfx\javafx-controls\22-ea+11\javafx-controls-22-ea+11.jar;C:\Users\Lenovo\.m2\repository\org\openjfx\javafx-graphics\22-ea+11\javafx-graphics-22-ea+11.jar;C:\Users\Lenovo\.m2\repository\org\openjfx\javafx-base\22-ea+11\javafx-base-22-ea+11.jar;C:\Users\Lenovo\.m2\repository\org\openjfx\javafx-fxml\22-ea+11\javafx-fxml-22-ea+11.jar;C:\Users\Lenovo\.m2\repository\com\mysql\mysql-connector-j\8.0.32\mysql-connector-j-8.0.32.jar;C:\Users\Lenovo\.m2\repository\com\google\protobuf\protobuf-java\3.21.9\protobuf-java-3.21.9.jar
Launcher Type: SUN_STANDARD

[Global flags]
     intx CICompilerCount                          = 4                                         {product} {ergonomic}
     uint ConcGCThreads                            = 3                                         {product} {ergonomic}
     uint G1ConcRefinementThreads                  = 10                                        {product} {ergonomic}
   size_t G1HeapRegionSize                         = 1048576                                   {product} {ergonomic}
   size_t InitialHeapSize                          = 123731968                                 {product} {ergonomic}
   size_t MarkStackSize                            = 4194304                                   {product} {ergonomic}
   size_t MaxHeapSize                              = 1971322880                                {product} {ergonomic}
   size_t MaxNewSize                               = 1182793728                                {product} {ergonomic}
   size_t MinHeapDeltaBytes                        = 1048576                                   {product} {ergonomic}
   size_t MinHeapSize                              = 8388608                                   {product} {ergonomic}
    uintx NonNMethodCodeHeapSize                   = 5839372                                {pd product} {ergonomic}
    uintx NonProfiledCodeHeapSize                  = 122909434                              {pd product} {ergonomic}
    uintx ProfiledCodeHeapSize                     = 122909434                              {pd product} {ergonomic}
    uintx ReservedCodeCacheSize                    = 251658240                              {pd product} {ergonomic}
     bool SegmentedCodeCache                       = true                                      {product} {ergonomic}
   size_t SoftMaxHeapSize                          = 1971322880                             {manageable} {ergonomic}
     bool UseCompressedOops                        = true                           {product lp64_product} {ergonomic}
     bool UseG1GC                                  = true                                      {product} {ergonomic}
     bool UseLargePagesIndividualAllocation        = false                                  {pd product} {ergonomic}

Logging:
Log output configuration:
 #0: stdout all=off uptime,level,tags foldmultilines=false
 #1: stderr all=off uptime,level,tags foldmultilines=false

Environment Variables:
PATH=C:\Program Files\Common Files\Oracle\Java\javapath;C:\Program Files\Microsoft MPI\Bin\;C:\ProgramData\Oracle\Java\javapath;C:\WINDOWS\system32;C:\WINDOWS;C:\WINDOWS\System32\Wbem;C:\WINDOWS\System32\WindowsPowerShell\v1.0\;C:\WINDOWS\System32\OpenSSH\;E:\Programs\Git\cmd;C:\Program Files\swipl\bin;D:\downloads\bin\i386-Win32;C:\Program Files (x86)\Microsoft SQL Server\160\Tools\Binn\;C:\Program Files\Microsoft SQL Server\160\Tools\Binn\;C:\Program Files\Microsoft SQL Server\Client SDK\ODBC\170\Tools\Binn\;C:\Program Files\Microsoft SQL Server\160\DTS\Binn\;C:\Program Files (x86)\Microsoft SQL Server\160\DTS\Binn\;C:\Program Files\Azure Data Studio\bin;C:\Program Files\MySQL\MySQL Shell 8.0\bin\;C:\Users\Lenovo\AppData\Local\Programs\Python\Python38\Scripts\;C:\Users\Lenovo\AppData\Local\Programs\Python\Python38\;C:\Users\Lenovo\AppData\Local\Programs\Python\Python39\Scripts\;C:\Users\Lenovo\AppData\Local\Programs\Python\Python39\;C:\Users\Lenovo\AppData\Local\Microsoft\WindowsApps;;E:\Users\Lenovo\AppData\Local\Programs\Microsoft VS Code\bin;E:\Apps\PyCharm\PyCharm Community Edition 2022.3.3\bin;;D:\apps\PyCharm 2023.1.1\bin;;C:\Program Files\Azure Data Studio\bin;E:\Apps\Intellij\IntelliJ IDEA Community Edition 2023.3.4\bin;
USERNAME=Lenovo
OS=Windows_NT
PROCESSOR_IDENTIFIER=AMD64 Family 23 Model 104 Stepping 1, AuthenticAMD
TMP=C:\Users\Lenovo\AppData\Local\Temp
TEMP=C:\Users\Lenovo\AppData\Local\Temp




Periodic native trim disabled

---------------  S Y S T E M  ---------------

OS:
 Windows 11 , 64 bit Build 22621 (10.0.22621.3527)
OS uptime: 0 days 8:48 hours
Hyper-V role detected

CPU: total 12 (initial active 12) (12 cores per cpu, 2 threads per core) family 23 model 104 stepping 1 microcode 0x0, cx8, cmov, fxsr, ht, mmx, 3dnowpref, sse, sse2, sse3, ssse3, sse4a, sse4.1, sse4.2, popcnt, lzcnt, tsc, tscinvbit, avx, avx2, aes, clmul, bmi1, bmi2, adx, sha, fma, vzeroupper, clflush, clflushopt, hv, rdtscp, rdpid, f16c
Processor Information for processor 0
  Max Mhz: 2100, Current Mhz: 2100, Mhz Limit: 2100
Processor Information for processor 1
  Max Mhz: 2100, Current Mhz: 1813, Mhz Limit: 2100
Processor Information for processor 2
  Max Mhz: 2100, Current Mhz: 1813, Mhz Limit: 2100
Processor Information for processor 3
  Max Mhz: 2100, Current Mhz: 1813, Mhz Limit: 2100
Processor Information for processor 4
  Max Mhz: 2100, Current Mhz: 2100, Mhz Limit: 2100
Processor Information for processor 5
  Max Mhz: 2100, Current Mhz: 2100, Mhz Limit: 2100
Processor Information for processor 6
  Max Mhz: 2100, Current Mhz: 1813, Mhz Limit: 2100
Processor Information for processor 7
  Max Mhz: 2100, Current Mhz: 2100, Mhz Limit: 2100
Processor Information for processor 8
  Max Mhz: 2100, Current Mhz: 1813, Mhz Limit: 2100
Processor Information for processor 9
  Max Mhz: 2100, Current Mhz: 1813, Mhz Limit: 2100
Processor Information for processor 10
  Max Mhz: 2100, Current Mhz: 1813, Mhz Limit: 2100
Processor Information for processor 11
  Max Mhz: 2100, Current Mhz: 1813, Mhz Limit: 2100

Memory: 4k page, system-wide physical 7514M (779M free)
TotalPageFile size 21338M (AvailPageFile size 6811M)
current process WorkingSet (physical memory assigned to process): 170M, peak: 181M
current process commit charge ("private bytes"): 229M, peak: 308M

vm_info: OpenJDK 64-Bit Server VM (22.0.1+8-16) for windows-amd64 JRE (22.0.1+8-16), built on 2024-03-12T10:33:16Z by "mach5one" with MS VC++ 17.6 (VS2022)

END.
