#
# A fatal error has been detected by the Java Runtime Environment:
#
#  EXCEPTION_ACCESS_VIOLATION (0xc0000005) at pc=0x00007ffb10b864a7, pid=8120, tid=16068
#
# JRE version: OpenJDK Runtime Environment (22.0.1+8) (build 22.0.1+8-16)
# Java VM: OpenJDK 64-Bit Server VM (22.0.1+8-16, mixed mode, sharing, tiered, compressed oops, compressed class ptrs, g1 gc, windows-amd64)
# Problematic frame:
# C  [glass.dll+0x264a7]
#
# No core dump will be written. Minidumps are not enabled by default on client versions of Windows
#
# If you would like to submit a bug report, please visit:
#   https://bugreport.java.com/bugreport/crash.jsp
#

---------------  S U M M A R Y ------------

Command Line: --enable-preview -javaagent:E:\Apps\Intellij\IntelliJ IDEA Community Edition 2023.3.4\lib\idea_rt.jar=51197:E:\Apps\Intellij\IntelliJ IDEA Community Edition 2023.3.4\bin -Dfile.encoding=UTF-8 -Dsun.stdout.encoding=UTF-8 -Dsun.stderr.encoding=UTF-8 --module-path=C:\Users\Lenovo\.m2\repository\org\openjfx\javafx-controls\22-ea+11\javafx-controls-22-ea+11-win.jar;D:\java\java project\Probs\target\classes;C:\Users\Lenovo\.m2\repository\org\openjfx\javafx-graphics\22-ea+11\javafx-graphics-22-ea+11-win.jar;C:\Users\Lenovo\.m2\repository\org\openjfx\javafx-fxml\22-ea+11\javafx-fxml-22-ea+11-win.jar;C:\Users\Lenovo\.m2\repository\org\openjfx\javafx-base\22-ea+11\javafx-base-22-ea+11-win.jar -Djdk.module.main=org.example.probs org.example.probs/org.example.probs.HelloApplication

Host: AMD Ryzen 5 5500U with Radeon Graphics         , 12 cores, 7G,  Windows 11 , 64 bit Build 22621 (10.0.22621.3527)
Time: Mon Jun 10 15:59:36 2024  Windows 11 , 64 bit Build 22621 (10.0.22621.3527) elapsed time: 255.069305 seconds (0d 0h 4m 15s)

---------------  T H R E A D  ---------------

Current thread (0x000002614d7e2bd0):  VMThread "VM Thread"          [id=16068, stack(0x000000b264300000,0x000000b264400000) (1024K)]

Stack: [0x000000b264300000,0x000000b264400000],  sp=0x000000b2643ff230,  free space=1020k
Native frames: (J=compiled Java code, j=interpreted, Vv=VM code, C=native code)
C  [glass.dll+0x264a7]  (no source info available)
C  [ucrtbase.dll+0x53a93]  (no source info available)
C  [ucrtbase.dll+0x2042e]  (no source info available)
C  [ucrtbase.dll+0x1dddd]  (no source info available)
C  [glass.dll+0x23cad]  (no source info available)
C  [glass.dll+0x23dd2]  (no source info available)
C  [ntdll.dll+0x2869f]  (no source info available)
C  [ntdll.dll+0x510a6]  (no source info available)
C  [ntdll.dll+0x50c9d]  (no source info available)
C  [KERNEL32.DLL+0x17fab]  (no source info available)
C  [ucrtbase.dll+0x1bed8]  (no source info available)
C  [ucrtbase.dll+0x1c099]  (no source info available)
V  [jvm.dll+0x6db40b]  (no source info available)
V  [jvm.dll+0x6daf40]  (no source info available)
V  [jvm.dll+0x3e1ea4]  (no source info available)
V  [jvm.dll+0x87d7d0]  (no source info available)
V  [jvm.dll+0x87eb57]  (no source info available)
V  [jvm.dll+0x87f0d0]  (no source info available)
V  [jvm.dll+0x87f373]  (no source info available)
V  [jvm.dll+0x81d44b]  (no source info available)
V  [jvm.dll+0x6e0915]  (no source info available)
C  [ucrtbase.dll+0x29333]  (no source info available)
C  [KERNEL32.DLL+0x1257d]  (no source info available)
C  [ntdll.dll+0x5aa48]  (no source info available)


siginfo: EXCEPTION_ACCESS_VIOLATION (0xc0000005), reading address 0x0000000000000000


Registers:
RAX=0x0000000000000000, RBX=0x000002614d7f2b7a, RCX=0x000002614d7e2bd0, RDX=0x000000b2643ff230
RSP=0x000000b2643ff230, RBP=0x00000261936db598, RSI=0x000000b2643ff338, RDI=0x00000261936db570
R8 =0x0000000000010002, R9 =0x00000261936db570, R10=0x85f13e9656da4870, R11=0x000000b2643ff1c0
R12=0x00007ffb10b83e20, R13=0x00007ffaa0303b20, R14=0x0000b280752a42c2, R15=0x00000261936db570
RIP=0x00007ffb10b864a7, EFLAGS=0x0000000000010206


Register to memory mapping:

RAX=0x0 is null
RBX=0x000002614d7f2b7a is a global jni handle
RCX=0x000002614d7e2bd0 points into unknown readable memory: 0x00007ffaa0103e20 | 20 3e 10 a0 fa 7f 00 00
RDX=0x000000b2643ff230 points into unknown readable memory: 0x0000000000000000 | 00 00 00 00 00 00 00 00
RSP=0x000000b2643ff230 points into unknown readable memory: 0x0000000000000000 | 00 00 00 00 00 00 00 00
RBP=0x00000261936db598 points into unknown readable memory: 0x0000b280752a42c2 | c2 42 2a 75 80 b2 00 00
RSI=0x000000b2643ff338 points into unknown readable memory: 0x000000b2643ff320 | 20 f3 3f 64 b2 00 00 00
RDI=0x00000261936db570 points into unknown readable memory: 0x00014d6c37caa622 | 22 a6 ca 37 6c 4d 01 00
R8 =0x0000000000010002 is an unknown value
R9 =0x00000261936db570 points into unknown readable memory: 0x00014d6c37caa622 | 22 a6 ca 37 6c 4d 01 00
R10=0x85f13e9656da4870 is an unknown value
R11=0x000000b2643ff1c0 points into unknown readable memory: 0x00000261936db570 | 70 b5 6d 93 61 02 00 00
R12=0x00007ffb10b83e20 glass.dll
R13=0x00007ffaa0303b20 jvm.dll
R14=0x0000b280752a42c2 is an unknown value
R15=0x00000261936db570 points into unknown readable memory: 0x00014d6c37caa622 | 22 a6 ca 37 6c 4d 01 00

Top of Stack: (sp=0x000000b2643ff230)
0x000000b2643ff230:   0000000000000000 000000b2643ff338
0x000000b2643ff240:   00007ffaa0303b20 00007ffb10b83e20
0x000000b2643ff250:   00000261936db578 00007ffb38423a93
0x000000b2643ff260:   00000261936db570 0000026100000000
0x000000b2643ff270:   00000261936db598 000000b2643ff338
0x000000b2643ff280:   fffffffffffffffe 0000000000000000
0x000000b2643ff290:   0000000000000001 00007ffb10b60000
0x000000b2643ff2a0:   000000b2643ff328 00007ffb383f042e
0x000000b2643ff2b0:   0000000000000000 000000b2643ff338
0x000000b2643ff2c0:   000000b2643ff620 0000000000000001
0x000000b2643ff2d0:   0000000000000001 00007ffb383edddd
0x000000b2643ff2e0:   0000000000000000 00007ffb10b83619
0x000000b2643ff2f0:   00007ffb333f5ef0 000000b2643ff328
0x000000b2643ff300:   fffffffffffffffe 000000b2643ff2f0
0x000000b2643ff310:   0000000000000000 00007ffb10b83cad
0x000000b2643ff320:   00007ffb10b99fd8 00007ffb00000002
0x000000b2643ff330:   0000000000000002 000000b2643ff320
0x000000b2643ff340:   0000000000000000 00007ffb3b0d8603
0x000000b2643ff350:   0000000000000000 00007ffb10b83dd2
0x000000b2643ff360:   0000000000000001 0000000000000001
0x000000b2643ff370:   000000b2643ff620 0000000000000001
0x000000b2643ff380:   00007ffb39d80000 00007ffb37b42223
0x000000b2643ff390:   0000000000000001 00007ffb37310000
0x000000b2643ff3a0:   00007ffb10b60000 000000007ffe0384
0x000000b2643ff3b0:   0000000000000000 00007ffb3b0d869f
0x000000b2643ff3c0:   00007ffb10b60000 0000000000000000
0x000000b2643ff3d0:   0000000000000001 000000007ffe0385
0x000000b2643ff3e0:   0000000000000000 00007ffb3b1012e9
0x000000b2643ff3f0:   000001ffedd9a700 0000000000000014
0x000000b2643ff400:   00007ffb10b83e20 0000000000000000
0x000000b2643ff410:   0000000000000000 000000b263757000
0x000000b2643ff420:   000002619377a180 00007ffb3b1010a6 

Instructions: (pc=0x00007ffb10b864a7)
0x00007ffb10b863a7:   8b 4d 58 e8 bd cf ff ff 48 8b 4d 60 e8 b4 cf ff
0x00007ffb10b863b7:   ff 48 8b 95 80 00 00 00 48 8b 8d 18 01 00 00 e8
0x00007ffb10b863c7:   a6 c4 ff ff 33 d2 33 c9 e8 fc e1 ff ff 90 48 89
0x00007ffb10b863d7:   54 24 10 55 48 83 ec 20 48 8b ea 48 b8 00 00 00
0x00007ffb10b863e7:   00 00 00 00 00 48 83 c4 20 5d c3 cc 40 55 48 8b
0x00007ffb10b863f7:   ea 48 8b 01 33 c9 81 38 05 00 00 c0 0f 94 c1 8b
0x00007ffb10b86407:   c1 5d c3 cc 40 55 48 83 ec 20 48 8b ea 8a 4d 40
0x00007ffb10b86417:   48 83 c4 20 5d e9 a3 d3 ff ff cc 40 55 48 83 ec
0x00007ffb10b86427:   20 48 8b ea 8a 4d 20 e8 91 d3 ff ff 90 48 83 c4
0x00007ffb10b86437:   20 5d c3 cc 40 55 48 83 ec 20 48 8b ea 48 83 c4
0x00007ffb10b86447:   20 5d e9 f2 d1 ff ff cc 40 55 48 83 ec 30 48 8b
0x00007ffb10b86457:   ea 48 8b 01 8b 10 48 89 4c 24 28 89 54 24 20 4c
0x00007ffb10b86467:   8d 0d 93 d6 ff ff 4c 8b 45 70 8b 55 68 48 8b 4d
0x00007ffb10b86477:   60 e8 33 d1 ff ff 90 48 83 c4 30 5d c3 cc cc cc
0x00007ffb10b86487:   cc cc cc cc cc cc cc cc cc 40 53 48 83 ec 20 48
0x00007ffb10b86497:   8b 1d 6b 35 01 00 48 85 db 74 16 e8 b9 8f ff ff
0x00007ffb10b864a7:   4c 8b 00 48 8b d3 48 8b c8 41 ff 90 b0 00 00 00
0x00007ffb10b864b7:   90 48 83 c4 20 5b c3 cc cc 40 53 48 83 ec 20 48
0x00007ffb10b864c7:   8b 1d ab 36 01 00 48 85 db 74 57 b8 ff ff ff ff
0x00007ffb10b864d7:   f0 0f c1 43 10 83 f8 01 75 3d 48 85 db 74 38 48
0x00007ffb10b864e7:   8b 0b 48 85 c9 74 0d ff 15 b4 0d 00 00 48 c7 03
0x00007ffb10b864f7:   00 00 00 00 48 8b 4b 08 48 85 c9 74 0d e8 63 ce
0x00007ffb10b86507:   ff ff 48 c7 43 08 00 00 00 00 ba 18 00 00 00 48
0x00007ffb10b86517:   8b cb e8 4e ce ff ff 48 c7 05 4f 36 01 00 00 00
0x00007ffb10b86527:   00 00 48 83 c4 20 5b c3 cc 40 53 48 83 ec 20 48
0x00007ffb10b86537:   8b 1d 1b 36 01 00 48 85 db 74 57 b8 ff ff ff ff
0x00007ffb10b86547:   f0 0f c1 43 10 83 f8 01 75 3d 48 85 db 74 38 48
0x00007ffb10b86557:   8b 0b 48 85 c9 74 0d ff 15 44 0d 00 00 48 c7 03
0x00007ffb10b86567:   00 00 00 00 48 8b 4b 08 48 85 c9 74 0d e8 f3 cd
0x00007ffb10b86577:   ff ff 48 c7 43 08 00 00 00 00 ba 18 00 00 00 48
0x00007ffb10b86587:   8b cb e8 de cd ff ff 48 c7 05 bf 35 01 00 00 00
0x00007ffb10b86597:   00 00 48 83 c4 20 5b c3 cc 40 53 48 83 ec 20 48 


Stack slot to memory mapping:

stack at sp + 0 slots: 0x0 is null
stack at sp + 1 slots: 0x000000b2643ff338 points into unknown readable memory: 0x000000b2643ff320 | 20 f3 3f 64 b2 00 00 00
stack at sp + 2 slots: 0x00007ffaa0303b20 jvm.dll
stack at sp + 3 slots: 0x00007ffb10b83e20 glass.dll
stack at sp + 4 slots: 0x00000261936db578 points into unknown readable memory: 0x0000b280752a42c2 | c2 42 2a 75 80 b2 00 00
stack at sp + 5 slots: 0x00007ffb38423a93 ucrtbase.dll
stack at sp + 6 slots: 0x00000261936db570 points into unknown readable memory: 0x00014d6c37caa622 | 22 a6 ca 37 6c 4d 01 00
stack at sp + 7 slots: 0x0000026100000000 is an unknown value

VM_Operation (0x000000b2639fee60): Exit, mode: safepoint, requested by thread 0x0000026193a46b20


---------------  P R O C E S S  ---------------

Threads class SMR info:
_java_thread_list=0x000002619fe69a10, length=20, elements={
0x000002612eeb4180, 0x000002614d8027b0, 0x000002614d8030e0, 0x000002614d809780,
0x000002614d80edb0, 0x000002614d80fad0, 0x000002614d81e850, 0x000002614d81f170,
0x000002614d810160, 0x000002614d80e720, 0x000002614d80f440, 0x000002614d8107f0,
0x000002614d810e80, 0x000002614d811510, 0x000002614d811ba0, 0x0000026193a49fa0,
0x0000026193a45770, 0x0000026193a44a50, 0x0000026193a43010, 0x0000026193a46b20
}

Java Threads: ( => current thread )
  0x000002612eeb4180 JavaThread "main"                              [_thread_blocked, id=3416, stack(0x000000b263c00000,0x000000b263d00000) (1024K)]
  0x000002614d8027b0 JavaThread "Reference Handler"          daemon [_thread_blocked, id=7272, stack(0x000000b264400000,0x000000b264500000) (1024K)]
  0x000002614d8030e0 JavaThread "Finalizer"                  daemon [_thread_blocked, id=2152, stack(0x000000b264500000,0x000000b264600000) (1024K)]
  0x000002614d809780 JavaThread "Attach Listener"            daemon [_thread_blocked, id=21904, stack(0x000000b264700000,0x000000b264800000) (1024K)]
  0x000002614d80edb0 JavaThread "Service Thread"             daemon [_thread_blocked, id=6980, stack(0x000000b264800000,0x000000b264900000) (1024K)]
  0x000002614d80fad0 JavaThread "Monitor Deflation Thread"   daemon [_thread_blocked, id=20360, stack(0x000000b264900000,0x000000b264a00000) (1024K)]
  0x000002614d81e850 JavaThread "C2 CompilerThread0"         daemon [_thread_blocked, id=22260, stack(0x000000b264a00000,0x000000b264b00000) (1024K)]
  0x000002614d81f170 JavaThread "C1 CompilerThread0"         daemon [_thread_blocked, id=11008, stack(0x000000b264b00000,0x000000b264c00000) (1024K)]
  0x000002614d810160 JavaThread "Common-Cleaner"             daemon [_thread_blocked, id=4488, stack(0x000000b264c00000,0x000000b264d00000) (1024K)]
  0x000002614d80e720 JavaThread "Monitor Ctrl-Break"         daemon [_thread_in_native, id=4952, stack(0x000000b264f00000,0x000000b265000000) (1024K)]
  0x000002614d80f440 JavaThread "Notification Thread"        daemon [_thread_blocked, id=20988, stack(0x000000b265000000,0x000000b265100000) (1024K)]
  0x000002614d8107f0 JavaThread "QuantumRenderer-0"          daemon [_thread_blocked, id=12416, stack(0x000000b265100000,0x000000b265200000) (1024K)]
  0x000002614d810e80 JavaThread "InvokeLaterDispatcher"      daemon [_thread_blocked, id=13800, stack(0x000000b265400000,0x000000b265500000) (1024K)]
  0x000002614d811510 JavaThread "JavaFX Application Thread"         [_thread_in_native, id=11364, stack(0x000000b265500000,0x000000b265600000) (1024K)]
  0x000002614d811ba0 JavaThread "Thread-1"                   daemon [_thread_in_native, id=3852, stack(0x000000b265e00000,0x000000b265f00000) (1024K)]
  0x0000026193a49fa0 JavaThread "JavaFX-Launcher"                   [_thread_blocked, id=14504, stack(0x000000b264e00000,0x000000b264f00000) (1024K)]
  0x0000026193a45770 JavaThread "Prism Font Disposer"        daemon [_thread_blocked, id=9568, stack(0x000000b266400000,0x000000b266500000) (1024K)]
  0x0000026193a44a50 JavaThread "Cleaner-0"                  daemon [_thread_blocked, id=11240, stack(0x000000b266d00000,0x000000b266e00000) (1024K)]
  0x0000026193a43010 JavaThread "mysql-cj-abandoned-connection-cleanup" daemon [_thread_blocked, id=15016, stack(0x000000b264d00000,0x000000b264e00000) (1024K)]
  0x0000026193a46b20 JavaThread "SIGINT handler"             daemon [_thread_blocked, id=11440, stack(0x000000b263900000,0x000000b263a00000) (1024K)]
Total: 20

Other Threads:
=>0x000002614d7e2bd0 VMThread "VM Thread"                           [id=16068, stack(0x000000b264300000,0x000000b264400000) (1024K)]
  0x000002612ef07760 WorkerThread "GC Thread#0"                     [id=21264, stack(0x000000b263d00000,0x000000b263e00000) (1024K)]
  0x0000026193b0f660 WorkerThread "GC Thread#1"                     [id=10908, stack(0x000000b265f00000,0x000000b266000000) (1024K)]
  0x0000026193b11300 WorkerThread "GC Thread#2"                     [id=21776, stack(0x000000b266000000,0x000000b266100000) (1024K)]
  0x0000026193b116b0 WorkerThread "GC Thread#3"                     [id=9180, stack(0x000000b266100000,0x000000b266200000) (1024K)]
  0x0000026193b11a60 WorkerThread "GC Thread#4"                     [id=20288, stack(0x000000b266200000,0x000000b266300000) (1024K)]
  0x0000026193b11e10 WorkerThread "GC Thread#5"                     [id=8420, stack(0x000000b266300000,0x000000b266400000) (1024K)]
  0x0000026193d128e0 WorkerThread "GC Thread#6"                     [id=21556, stack(0x000000b266700000,0x000000b266800000) (1024K)]
  0x0000026193df3290 WorkerThread "GC Thread#7"                     [id=12380, stack(0x000000b266800000,0x000000b266900000) (1024K)]
  0x0000026193f76a80 WorkerThread "GC Thread#8"                     [id=14132, stack(0x000000b266900000,0x000000b266a00000) (1024K)]
  0x0000026193cbfcd0 WorkerThread "GC Thread#9"                     [id=1328, stack(0x000000b266a00000,0x000000b266b00000) (1024K)]
  0x000002612ef17250 ConcurrentGCThread "G1 Main Marker"            terminated
  0x000002612ef18780 WorkerThread "G1 Conc#0"                       [id=22276, stack(0x000000b263f00000,0x000000b264000000) (1024K)]
  0x00000261944978a0 WorkerThread "G1 Conc#1"                       [id=21380, stack(0x000000b266f00000,0x000000b267000000) (1024K)]
  0x0000026194497c50 WorkerThread "G1 Conc#2"                       [id=20880, stack(0x000000b267000000,0x000000b267100000) (1024K)]
  0x000002612ef6e970 ConcurrentGCThread "G1 Refine#0"               terminated
  0x000002614d69e2b0 ConcurrentGCThread "G1 Service"                terminated
Total: 17

Threads with active compile tasks:
Total: 0

VM state: at safepoint (shutting down)

VM Mutex/Monitor currently owned by a thread:  ([mutex/lock_event])
[0x00007ffaa02dbbb8] Threads_lock - owner thread: 0x000002614d7e2bd0
[0x00007ffaa02dbcb8] Heap_lock - owner thread: 0x0000026193a46b20

Heap address: 0x000000008a800000, size: 1880 MB, Compressed Oops mode: 32-bit

CDS archive(s) mapped at: [0x000002614e000000-0x000002614ec50000-0x000002614ec50000), size 12910592, SharedBaseAddress: 0x000002614e000000, ArchiveRelocationMode: 1.
Compressed class space mapped at: 0x000002614f000000-0x000002618f000000, reserved size: 1073741824
Narrow klass base: 0x000002614e000000, Narrow klass shift: 0, Narrow klass range: 0x41000000

GC Precious Log:
 CardTable entry size: 512
 Card Set container configuration: InlinePtr #cards 5 size 8 Array Of Cards #cards 12 size 40 Howl #buckets 4 coarsen threshold 1843 Howl Bitmap #cards 512 size 80 coarsen threshold 460 Card regions per heap region 1 cards per card region 2048
 CPUs: 12 total, 12 available
 Memory: 7514M
 Large Page Support: Disabled
 NUMA Support: Disabled
 Compressed Oops: Enabled (32-bit)
 Heap Region Size: 1M
 Heap Min Capacity: 8M
 Heap Initial Capacity: 118M
 Heap Max Capacity: 1880M
 Pre-touch: Disabled
 Parallel Workers: 10
 Concurrent Workers: 3
 Concurrent Refinement Workers: 10
 Periodic GC: Disabled

Heap:
 garbage-first heap   total reserved 1925120K, committed 40960K, used 27492K [0x000000008a800000, 0x0000000100000000)
  region size 1024K, 18 young (18432K), 3 survivors (3072K)
 Metaspace       used 26800K, committed 27200K, reserved 1114112K
  class space    used 3856K, committed 4032K, reserved 1048576K

Heap Regions: E=young(eden), S=young(survivor), O=old, HS=humongous(starts), HC=humongous(continues), CS=collection set, F=free, TAMS=top-at-mark-start, PB=parsable bottom
|   0|0x000000008a800000, 0x000000008a900000, 0x000000008a900000|100%| O|  |TAMS 0x000000008a800000| PB 0x000000008a800000| Untracked |  0
|   1|0x000000008a900000, 0x000000008aa00000, 0x000000008aa00000|100%| O|  |TAMS 0x000000008a900000| PB 0x000000008a900000| Untracked |  0
|   2|0x000000008aa00000, 0x000000008ab00000, 0x000000008ab00000|100%|HS|  |TAMS 0x000000008aa00000| PB 0x000000008aa00000| Complete |  0
|   3|0x000000008ab00000, 0x000000008ac00000, 0x000000008ac00000|100%|HC|  |TAMS 0x000000008ab00000| PB 0x000000008ab00000| Complete |  0
|   4|0x000000008ac00000, 0x000000008ad00000, 0x000000008ad00000|100%| O|  |TAMS 0x000000008ac00000| PB 0x000000008ac00000| Untracked |  0
|   5|0x000000008ad00000, 0x000000008ade4758, 0x000000008ae00000| 89%| O|  |TAMS 0x000000008ad00000| PB 0x000000008ad00000| Untracked |  0
|   6|0x000000008ae00000, 0x000000008af00000, 0x000000008af00000|100%| O|  |TAMS 0x000000008ae00000| PB 0x000000008ae00000| Untracked |  0
|   7|0x000000008af00000, 0x000000008b000000, 0x000000008b000000|100%| O|  |TAMS 0x000000008af00000| PB 0x000000008af00000| Untracked |  0
|   8|0x000000008b000000, 0x000000008b100000, 0x000000008b100000|100%| O|  |TAMS 0x000000008b000000| PB 0x000000008b000000| Untracked |  0
|   9|0x000000008b100000, 0x000000008b200000, 0x000000008b200000|100%| O|  |TAMS 0x000000008b100000| PB 0x000000008b100000| Untracked |  0
|  10|0x000000008b200000, 0x000000008b300000, 0x000000008b300000|100%| O|  |TAMS 0x000000008b200000| PB 0x000000008b200000| Untracked |  0
|  11|0x000000008b300000, 0x000000008b3a4380, 0x000000008b400000| 64%| O|  |TAMS 0x000000008b300000| PB 0x000000008b300000| Untracked |  0
|  12|0x000000008b400000, 0x000000008b400000, 0x000000008b500000|  0%| F|  |TAMS 0x000000008b400000| PB 0x000000008b400000| Untracked |  0
|  13|0x000000008b500000, 0x000000008b5507d0, 0x000000008b600000| 31%| S|CS|TAMS 0x000000008b500000| PB 0x000000008b500000| Complete |  0
|  14|0x000000008b600000, 0x000000008b700000, 0x000000008b700000|100%| S|CS|TAMS 0x000000008b600000| PB 0x000000008b600000| Complete |  0
|  15|0x000000008b700000, 0x000000008b800000, 0x000000008b800000|100%| S|CS|TAMS 0x000000008b700000| PB 0x000000008b700000| Complete |  0
|  16|0x000000008b800000, 0x000000008b800000, 0x000000008b900000|  0%| F|  |TAMS 0x000000008b800000| PB 0x000000008b800000| Untracked |  0
|  17|0x000000008b900000, 0x000000008b900000, 0x000000008ba00000|  0%| F|  |TAMS 0x000000008b900000| PB 0x000000008b900000| Untracked |  0
|  18|0x000000008ba00000, 0x000000008ba00000, 0x000000008bb00000|  0%| F|  |TAMS 0x000000008ba00000| PB 0x000000008ba00000| Untracked |  0
|  19|0x000000008bb00000, 0x000000008bb00000, 0x000000008bc00000|  0%| F|  |TAMS 0x000000008bb00000| PB 0x000000008bb00000| Untracked |  0
|  20|0x000000008bc00000, 0x000000008bc00000, 0x000000008bd00000|  0%| F|  |TAMS 0x000000008bc00000| PB 0x000000008bc00000| Untracked |  0
|  21|0x000000008bd00000, 0x000000008bd00000, 0x000000008be00000|  0%| F|  |TAMS 0x000000008bd00000| PB 0x000000008bd00000| Untracked |  0
|  22|0x000000008be00000, 0x000000008be00000, 0x000000008bf00000|  0%| F|  |TAMS 0x000000008be00000| PB 0x000000008be00000| Untracked |  0
|  23|0x000000008bf00000, 0x000000008bf00000, 0x000000008c000000|  0%| F|  |TAMS 0x000000008bf00000| PB 0x000000008bf00000| Untracked |  0
|  24|0x000000008c000000, 0x000000008c000000, 0x000000008c100000|  0%| F|  |TAMS 0x000000008c000000| PB 0x000000008c000000| Untracked |  0
|  25|0x000000008c100000, 0x000000008c127848, 0x000000008c200000| 15%| E|  |TAMS 0x000000008c100000| PB 0x000000008c100000| Complete |  0
|  26|0x000000008c200000, 0x000000008c300000, 0x000000008c300000|100%| E|CS|TAMS 0x000000008c200000| PB 0x000000008c200000| Complete |  0
|  27|0x000000008c300000, 0x000000008c400000, 0x000000008c400000|100%| E|  |TAMS 0x000000008c300000| PB 0x000000008c300000| Complete |  0
|  28|0x000000008c400000, 0x000000008c500000, 0x000000008c500000|100%| E|CS|TAMS 0x000000008c400000| PB 0x000000008c400000| Complete |  0
|  29|0x000000008c500000, 0x000000008c600000, 0x000000008c600000|100%| E|CS|TAMS 0x000000008c500000| PB 0x000000008c500000| Complete |  0
|  30|0x000000008c600000, 0x000000008c700000, 0x000000008c700000|100%| E|CS|TAMS 0x000000008c600000| PB 0x000000008c600000| Complete |  0
|  31|0x000000008c700000, 0x000000008c800000, 0x000000008c800000|100%| E|CS|TAMS 0x000000008c700000| PB 0x000000008c700000| Complete |  0
|  32|0x000000008c800000, 0x000000008c900000, 0x000000008c900000|100%| E|CS|TAMS 0x000000008c800000| PB 0x000000008c800000| Complete |  0
|  91|0x0000000090300000, 0x0000000090400000, 0x0000000090400000|100%| E|CS|TAMS 0x0000000090300000| PB 0x0000000090300000| Complete |  0
|  92|0x0000000090400000, 0x0000000090500000, 0x0000000090500000|100%| E|CS|TAMS 0x0000000090400000| PB 0x0000000090400000| Complete |  0
|  93|0x0000000090500000, 0x0000000090600000, 0x0000000090600000|100%| E|CS|TAMS 0x0000000090500000| PB 0x0000000090500000| Complete |  0
|  94|0x0000000090600000, 0x0000000090700000, 0x0000000090700000|100%| E|CS|TAMS 0x0000000090600000| PB 0x0000000090600000| Complete |  0
|  95|0x0000000090700000, 0x0000000090800000, 0x0000000090800000|100%| E|CS|TAMS 0x0000000090700000| PB 0x0000000090700000| Complete |  0
|  96|0x0000000090800000, 0x0000000090900000, 0x0000000090900000|100%| E|CS|TAMS 0x0000000090800000| PB 0x0000000090800000| Complete |  0
| 117|0x0000000091d00000, 0x0000000091e00000, 0x0000000091e00000|100%| E|CS|TAMS 0x0000000091d00000| PB 0x0000000091d00000| Complete |  0

Card table byte_map: [0x0000026148a00000,0x0000026148db0000] _byte_map_base: 0x00000261485ac000

Marking Bits: (CMBitMap*) 0x000002612ef07e70
 Bits: [0x0000026148db0000, 0x000002614ab10000)

Polling page: 0x000002612ef70000

Metaspace:

Usage:
  Non-class:     22.41 MB used.
      Class:      3.77 MB used.
       Both:     26.17 MB used.

Virtual space:
  Non-class space:       64.00 MB reserved,      22.62 MB ( 35%) committed,  1 nodes.
      Class space:        1.00 GB reserved,       3.94 MB ( <1%) committed,  1 nodes.
             Both:        1.06 GB reserved,      26.56 MB (  2%) committed. 

Chunk freelists:
   Non-Class:  8.64 MB
       Class:  11.92 MB
        Both:  20.56 MB

MaxMetaspaceSize: unlimited
CompressedClassSpaceSize: 1.00 GB
Initial GC threshold: 21.00 MB
Current GC threshold: 35.25 MB
CDS: on
 - commit_granule_bytes: 65536.
 - commit_granule_words: 8192.
 - virtual_space_node_default_size: 8388608.
 - enlarge_chunks_in_place: 1.
 - use_allocation_guard: 0.


Internal statistics:

num_allocs_failed_limit: 3.
num_arena_births: 390.
num_arena_deaths: 0.
num_vsnodes_births: 2.
num_vsnodes_deaths: 0.
num_space_committed: 425.
num_space_uncommitted: 0.
num_chunks_returned_to_freelist: 3.
num_chunks_taken_from_freelist: 1143.
num_chunk_merges: 0.
num_chunk_splits: 780.
num_chunks_enlarged: 585.
num_inconsistent_stats: 0.

CodeHeap 'non-profiled nmethods': size=120000Kb used=1907Kb max_used=1907Kb free=118092Kb
 bounds [0x0000026140490000, 0x0000026140700000, 0x00000261479c0000]
CodeHeap 'profiled nmethods': size=120000Kb used=7615Kb max_used=7615Kb free=112384Kb
 bounds [0x00000261389c0000, 0x0000026139130000, 0x000002613fef0000]
CodeHeap 'non-nmethods': size=5760Kb used=1942Kb max_used=1980Kb free=3817Kb
 bounds [0x000002613fef0000, 0x0000026140160000, 0x0000026140490000]
 total_blobs=4987 nmethods=4069 adapters=821
 compilation: enabled
              stopped_count=0, restarted_count=0
 full_count=0

Compilation events (20 events):
Event: 14.918 Thread 0x000002614d81f170 4060       3       javafx.scene.Scene$MouseHandler::process (793 bytes)
Event: 14.922 Thread 0x000002614d81f170 nmethod 4060 0x0000026139129090 code [0x00000261391296c0, 0x000002613912cca0]
Event: 14.922 Thread 0x000002614d81f170 4061       3       javafx.scene.Scene$MouseHandler::updateCursor (36 bytes)
Event: 14.923 Thread 0x000002614d81f170 nmethod 4061 0x000002613912db90 code [0x000002613912dd40, 0x000002613912e100]
Event: 86.648 Thread 0x000002614d81e850 4062       4       com.sun.javafx.tk.quantum.QuantumToolkit::postPulse (133 bytes)
Event: 86.654 Thread 0x000002614d81e850 nmethod 4062 0x000002614066bb90 code [0x000002614066bd60, 0x000002614066c030]
Event: 86.880 Thread 0x000002614d81e850 4063       4       com.sun.javafx.tk.quantum.QuantumToolkit$$Lambda/0x000002614f03e118::run (8 bytes)
Event: 86.884 Thread 0x000002614d81e850 nmethod 4063 0x000002614066c310 code [0x000002614066c4e0, 0x000002614066c7e8]
Event: 88.189 Thread 0x000002614d81f170 4064       3       jdk.internal.loader.URLClassPath$JarLoader::findResource (18 bytes)
Event: 88.189 Thread 0x000002614d81f170 nmethod 4064 0x000002613912e210 code [0x000002613912e3e0, 0x000002613912e660]
Event: 118.224 Thread 0x000002614d81f170 4065       3       jdk.internal.module.Resources::toPackageName (39 bytes)
Event: 118.225 Thread 0x000002614d81f170 nmethod 4065 0x000002613912e790 code [0x000002613912e9c0, 0x000002613912f030]
Event: 133.246 Thread 0x000002614d81f170 4066       3       jdk.internal.misc.Unsafe::putReferenceOpaque (9 bytes)
Event: 133.246 Thread 0x000002614d81f170 nmethod 4066 0x000002613912f290 code [0x000002613912f420, 0x000002613912f580]
Event: 153.284 Thread 0x000002614d81f170 4067       3       java.util.concurrent.locks.ReentrantLock$NonfairSync::tryAcquire (27 bytes)
Event: 153.285 Thread 0x000002614d81f170 nmethod 4067 0x000002613912f610 code [0x000002613912f7c0, 0x000002613912fa40]
Event: 163.302 Thread 0x000002614d81f170 4068       3       jdk.internal.loader.BuiltinClassLoader::hasClassPath (13 bytes)
Event: 163.303 Thread 0x000002614d81f170 nmethod 4068 0x000002613912fb10 code [0x000002613912fca0, 0x000002613912fe00]
Event: 254.508 Thread 0x000002614d81f170 4069       1       java.util.logging.LogManager$LoggerContext::getOwner (5 bytes)
Event: 254.508 Thread 0x000002614d81f170 nmethod 4069 0x000002614066cb10 code [0x000002614066cca0, 0x000002614066cd68]

GC Heap History (8 events):
Event: 0.915 GC heap before
{Heap before GC invocations=0 (full 0):
 garbage-first heap   total reserved 1925120K, committed 120832K, used 23552K [0x000000008a800000, 0x0000000100000000)
  region size 1024K, 24 young (24576K), 0 survivors (0K)
 Metaspace       used 5068K, committed 5312K, reserved 1114112K
  class space    used 599K, committed 704K, reserved 1048576K
}
Event: 0.922 GC heap after
{Heap after GC invocations=1 (full 0):
 garbage-first heap   total reserved 1925120K, committed 120832K, used 3347K [0x000000008a800000, 0x0000000100000000)
  region size 1024K, 3 young (3072K), 3 survivors (3072K)
 Metaspace       used 5068K, committed 5312K, reserved 1114112K
  class space    used 599K, committed 704K, reserved 1048576K
}
Event: 1.821 GC heap before
{Heap before GC invocations=1 (full 0):
 garbage-first heap   total reserved 1925120K, committed 120832K, used 37139K [0x000000008a800000, 0x0000000100000000)
  region size 1024K, 37 young (37888K), 3 survivors (3072K)
 Metaspace       used 13044K, committed 13376K, reserved 1114112K
  class space    used 1836K, committed 1984K, reserved 1048576K
}
Event: 1.830 GC heap after
{Heap after GC invocations=2 (full 0):
 garbage-first heap   total reserved 1925120K, committed 120832K, used 6704K [0x000000008a800000, 0x0000000100000000)
  region size 1024K, 5 young (5120K), 5 survivors (5120K)
 Metaspace       used 13044K, committed 13376K, reserved 1114112K
  class space    used 1836K, committed 1984K, reserved 1048576K
}
Event: 3.628 GC heap before
{Heap before GC invocations=2 (full 0):
 garbage-first heap   total reserved 1925120K, committed 120832K, used 28208K [0x000000008a800000, 0x0000000100000000)
  region size 1024K, 26 young (26624K), 5 survivors (5120K)
 Metaspace       used 21235K, committed 21504K, reserved 1114112K
  class space    used 2898K, committed 3008K, reserved 1048576K
}
Event: 3.635 GC heap after
{Heap after GC invocations=3 (full 0):
 garbage-first heap   total reserved 1925120K, committed 120832K, used 12177K [0x000000008a800000, 0x0000000100000000)
  region size 1024K, 6 young (6144K), 6 survivors (6144K)
 Metaspace       used 21235K, committed 21504K, reserved 1114112K
  class space    used 2898K, committed 3008K, reserved 1048576K
}
Event: 4.374 GC heap before
{Heap before GC invocations=4 (full 0):
 garbage-first heap   total reserved 1925120K, committed 40960K, used 30609K [0x000000008a800000, 0x0000000100000000)
  region size 1024K, 24 young (24576K), 6 survivors (6144K)
 Metaspace       used 25077K, committed 25408K, reserved 1114112K
  class space    used 3640K, committed 3776K, reserved 1048576K
}
Event: 4.382 GC heap after
{Heap after GC invocations=5 (full 0):
 garbage-first heap   total reserved 1925120K, committed 40960K, used 14180K [0x000000008a800000, 0x0000000100000000)
  region size 1024K, 3 young (3072K), 3 survivors (3072K)
 Metaspace       used 25077K, committed 25408K, reserved 1114112K
  class space    used 3640K, committed 3776K, reserved 1048576K
}

Dll operation events (20 events):
Event: 0.561 Loaded shared library C:\Users\Lenovo\.openjfx\cache\22-ea+11\amd64\api-ms-win-crt-math-l1-1-0.dll
Event: 0.566 Loaded shared library C:\Users\Lenovo\.openjfx\cache\22-ea+11\amd64\api-ms-win-crt-multibyte-l1-1-0.dll
Event: 0.571 Loaded shared library C:\Users\Lenovo\.openjfx\cache\22-ea+11\amd64\api-ms-win-crt-private-l1-1-0.dll
Event: 0.575 Loaded shared library C:\Users\Lenovo\.openjfx\cache\22-ea+11\amd64\api-ms-win-crt-process-l1-1-0.dll
Event: 0.578 Loaded shared library C:\Users\Lenovo\.openjfx\cache\22-ea+11\amd64\api-ms-win-crt-runtime-l1-1-0.dll
Event: 0.581 Loaded shared library C:\Users\Lenovo\.openjfx\cache\22-ea+11\amd64\api-ms-win-crt-stdio-l1-1-0.dll
Event: 0.585 Loaded shared library C:\Users\Lenovo\.openjfx\cache\22-ea+11\amd64\api-ms-win-crt-string-l1-1-0.dll
Event: 0.588 Loaded shared library C:\Users\Lenovo\.openjfx\cache\22-ea+11\amd64\api-ms-win-crt-time-l1-1-0.dll
Event: 0.592 Loaded shared library C:\Users\Lenovo\.openjfx\cache\22-ea+11\amd64\api-ms-win-crt-utility-l1-1-0.dll
Event: 0.608 Loaded shared library C:\Users\Lenovo\.openjfx\cache\22-ea+11\amd64\ucrtbase.dll
Event: 0.613 Loaded shared library C:\Users\Lenovo\.openjfx\cache\22-ea+11\amd64\vcruntime140.dll
Event: 0.617 Loaded shared library C:\Users\Lenovo\.openjfx\cache\22-ea+11\amd64\vcruntime140_1.dll
Event: 0.628 Loaded shared library C:\Users\Lenovo\.openjfx\cache\22-ea+11\amd64\msvcp140.dll
Event: 0.631 Loaded shared library C:\Users\Lenovo\.openjfx\cache\22-ea+11\amd64\msvcp140_1.dll
Event: 0.637 Loaded shared library C:\Users\Lenovo\.openjfx\cache\22-ea+11\amd64\msvcp140_2.dll
Event: 0.686 Loaded shared library C:\Users\Lenovo\.openjfx\cache\22-ea+11\amd64\prism_d3d.dll
Event: 0.750 Loaded shared library C:\Users\Lenovo\.openjfx\cache\22-ea+11\amd64\glass.dll
Event: 0.927 Loaded shared library C:\Users\Lenovo\.jdks\openjdk-22.0.1\bin\jimage.dll
Event: 1.153 Loaded shared library C:\Users\Lenovo\.openjfx\cache\22-ea+11\amd64\javafx_font.dll
Event: 3.537 Loaded shared library C:\Users\Lenovo\.jdks\openjdk-22.0.1\bin\sunmscapi.dll

Deoptimization events (20 events):
Event: 8.345 Thread 0x000002614d811510 DEOPT PACKING pc=0x00000261405eeb7c sp=0x000000b2655f9e80
Event: 8.345 Thread 0x000002614d811510 DEOPT UNPACKING pc=0x000002613ff446a2 sp=0x000000b2655f9e08 mode 2
Event: 8.345 Thread 0x000002614d811510 Uncommon trap: trap_request=0xffffffc6 fr.pc=0x00000261405eeb7c relative=0x000000000000011c
Event: 8.345 Thread 0x000002614d811510 Uncommon trap: reason=bimorphic_or_optimized_type_check action=maybe_recompile pc=0x00000261405eeb7c method=javafx.beans.property.DoublePropertyBase.get()D @ 23 c2
Event: 8.345 Thread 0x000002614d811510 DEOPT PACKING pc=0x00000261405eeb7c sp=0x000000b2655f9ec0
Event: 8.345 Thread 0x000002614d811510 DEOPT UNPACKING pc=0x000002613ff446a2 sp=0x000000b2655f9e48 mode 2
Event: 8.388 Thread 0x000002614d8107f0 DEOPT PACKING pc=0x00000261390126c3 sp=0x000000b2651fdaa0
Event: 8.388 Thread 0x000002614d8107f0 DEOPT UNPACKING pc=0x000002613ff44e42 sp=0x000000b2651fcf50 mode 0
Event: 8.830 Thread 0x000002614d811510 Uncommon trap: trap_request=0xffffff45 fr.pc=0x000002614062cecc relative=0x000000000000012c
Event: 8.830 Thread 0x000002614d811510 Uncommon trap: reason=unstable_if action=reinterpret pc=0x000002614062cecc method=java.lang.ThreadLocal$ThreadLocalMap.getEntry(Ljava/lang/ThreadLocal;)Ljava/lang/ThreadLocal$ThreadLocalMap$Entry; @ 21 c2
Event: 8.830 Thread 0x000002614d811510 DEOPT PACKING pc=0x000002614062cecc sp=0x000000b2655f8470
Event: 8.830 Thread 0x000002614d811510 DEOPT UNPACKING pc=0x000002613ff446a2 sp=0x000000b2655f8380 mode 2
Event: 14.043 Thread 0x000002614d811510 Uncommon trap: trap_request=0xffffff45 fr.pc=0x00000261405284a4 relative=0x0000000000000da4
Event: 14.043 Thread 0x000002614d811510 Uncommon trap: reason=unstable_if action=reinterpret pc=0x00000261405284a4 method=java.util.concurrent.ConcurrentHashMap.putVal(Ljava/lang/Object;Ljava/lang/Object;Z)Ljava/lang/Object; @ 231 c2
Event: 14.043 Thread 0x000002614d811510 DEOPT PACKING pc=0x00000261405284a4 sp=0x000000b2655f8710
Event: 14.043 Thread 0x000002614d811510 DEOPT UNPACKING pc=0x000002613ff446a2 sp=0x000000b2655f8670 mode 2
Event: 14.045 Thread 0x000002614d811510 Uncommon trap: trap_request=0xffffff6e fr.pc=0x000002614058cc74 relative=0x0000000000000154
Event: 14.045 Thread 0x000002614d811510 Uncommon trap: reason=loop_limit_check action=maybe_recompile pc=0x000002614058cc74 method=java.util.regex.Pattern$Start.match(Ljava/util/regex/Matcher;ILjava/lang/CharSequence;)Z @ 34 c2
Event: 14.045 Thread 0x000002614d811510 DEOPT PACKING pc=0x000002614058cc74 sp=0x000000b2655f8770
Event: 14.045 Thread 0x000002614d811510 DEOPT UNPACKING pc=0x000002613ff446a2 sp=0x000000b2655f8700 mode 2

Classes loaded (20 events):
Event: 14.044 Loading class sun/text/resources/BreakIteratorInfo
Event: 14.045 Loading class sun/text/resources/BreakIteratorInfo done
Event: 14.045 Loading class sun/text/resources/BreakIteratorResources
Event: 14.046 Loading class sun/util/resources/BreakIteratorResourceBundle
Event: 14.046 Loading class sun/util/resources/BreakIteratorResourceBundle done
Event: 14.046 Loading class sun/text/resources/BreakIteratorResources done
Event: 14.046 Loading class sun/util/resources/Bundles$2
Event: 14.046 Loading class sun/util/resources/Bundles$2 done
Event: 14.049 Loading class sun/text/RuleBasedBreakIterator
Event: 14.049 Loading class sun/text/RuleBasedBreakIterator done
Event: 14.050 Loading class sun/text/CompactByteArray
Event: 14.051 Loading class sun/text/CompactByteArray done
Event: 14.051 Loading class sun/text/SupplementaryCharacterData
Event: 14.051 Loading class sun/text/SupplementaryCharacterData done
Event: 14.051 Loading class java/text/BreakIterator$BreakIteratorCache
Event: 14.051 Loading class java/text/BreakIterator$BreakIteratorCache done
Event: 14.051 Loading class java/text/StringCharacterIterator
Event: 14.052 Loading class java/text/StringCharacterIterator done
Event: 254.506 Loading class jdk/internal/misc/Signal$1
Event: 254.506 Loading class jdk/internal/misc/Signal$1 done

Classes unloaded (0 events):
No events

Classes redefined (0 events):
No events

Internal exceptions (20 events):
Event: 2.887 Thread 0x000002614d811510 Exception <a 'java/lang/NoSuchMethodError'{0x0000000091790040}: 'java.lang.Object java.lang.invoke.DirectMethodHandle$Holder.newInvokeSpecial(java.lang.Object, java.lang.Object, long)'> (0x0000000091790040) 
thrown [s\open\src\hotspot\share\interpreter\linkResolver.cpp, line 774]
Event: 2.887 Thread 0x000002614d811510 Exception <a 'java/lang/NoSuchMethodError'{0x0000000091793988}: 'java.lang.Object java.lang.invoke.Invokers$Holder.linkToTargetMethod(java.lang.Object, long, java.lang.Object)'> (0x0000000091793988) 
thrown [s\open\src\hotspot\share\interpreter\linkResolver.cpp, line 774]
Event: 3.091 Thread 0x000002614d811510 Exception <a 'sun/nio/fs/WindowsException'{0x0000000091251158}> (0x0000000091251158) 
thrown [s\open\src\hotspot\share\prims\jni.cpp, line 520]
Event: 3.121 Thread 0x000002614d811510 Exception <a 'sun/nio/fs/WindowsException'{0x000000009111f3d8}> (0x000000009111f3d8) 
thrown [s\open\src\hotspot\share\prims\jni.cpp, line 520]
Event: 3.122 Thread 0x000002614d811510 Exception <a 'sun/nio/fs/WindowsException'{0x00000000911212d0}> (0x00000000911212d0) 
thrown [s\open\src\hotspot\share\prims\jni.cpp, line 520]
Event: 3.131 Thread 0x000002614d811510 Exception <a 'sun/nio/fs/WindowsException'{0x000000009117b2d8}> (0x000000009117b2d8) 
thrown [s\open\src\hotspot\share\prims\jni.cpp, line 520]
Event: 3.131 Thread 0x000002614d811510 Exception <a 'sun/nio/fs/WindowsException'{0x000000009117d0f8}> (0x000000009117d0f8) 
thrown [s\open\src\hotspot\share\prims\jni.cpp, line 520]
Event: 3.137 Thread 0x000002614d811510 Exception <a 'java/lang/NoSuchMethodError'{0x000000009118a6c0}: 'java.lang.Object java.lang.invoke.DirectMethodHandle$Holder.invokeVirtual(java.lang.Object, java.lang.Object, java.lang.Object)'> (0x000000009118a6c0) 
thrown [s\open\src\hotspot\share\interpreter\linkResolver.cpp, line 774]
Event: 3.219 Thread 0x000002614d811510 Exception <a 'sun/nio/fs/WindowsException'{0x0000000090e6ad90}> (0x0000000090e6ad90) 
thrown [s\open\src\hotspot\share\prims\jni.cpp, line 520]
Event: 3.325 Thread 0x000002614d811510 Exception <a 'sun/nio/fs/WindowsException'{0x0000000090cdb018}> (0x0000000090cdb018) 
thrown [s\open\src\hotspot\share\prims\jni.cpp, line 520]
Event: 3.384 Thread 0x000002614d811510 Exception <a 'sun/nio/fs/WindowsException'{0x0000000090bcacf8}> (0x0000000090bcacf8) 
thrown [s\open\src\hotspot\share\prims\jni.cpp, line 520]
Event: 3.393 Thread 0x000002614d811510 Exception <a 'sun/nio/fs/WindowsException'{0x0000000090bdba18}> (0x0000000090bdba18) 
thrown [s\open\src\hotspot\share\prims\jni.cpp, line 520]
Event: 3.457 Thread 0x000002614d811510 Exception <a 'java/lang/NoSuchMethodError'{0x0000000090a6e670}: 'java.lang.Object java.lang.invoke.DirectMethodHandle$Holder.invokeStaticInit(java.lang.Object, int, int, int, int)'> (0x0000000090a6e670) 
thrown [s\open\src\hotspot\share\interpreter\linkResolver.cpp, line 774]
Event: 3.489 Thread 0x000002614d811510 Exception <a 'java/lang/NoSuchMethodError'{0x000000009092bcf0}: 'java.lang.Object java.lang.invoke.DirectMethodHandle$Holder.invokeStaticInit(java.lang.Object, java.lang.Object, int, int, int, int)'> (0x000000009092bcf0) 
thrown [s\open\src\hotspot\share\interpreter\linkResolver.cpp, line 774]
Event: 4.009 Thread 0x000002614d811510 Exception <a 'java/lang/ClassNotFoundException'{0x000000008c48b770}: com/sun/javafx/scene/control/skin/resources/controls> (0x000000008c48b770) 
thrown [s\open\src\hotspot\share\prims\jni.cpp, line 539]
Event: 4.011 Thread 0x000002614d811510 Exception <a 'java/lang/ClassNotFoundException'{0x000000008c499c48}: com/sun/javafx/scene/control/skin/resources/controls_ru> (0x000000008c499c48) 
thrown [s\open\src\hotspot\share\prims\jni.cpp, line 539]
Event: 4.011 Thread 0x000002614d811510 Exception <a 'java/lang/ClassNotFoundException'{0x000000008c49aec8}: com/sun/javafx/scene/control/skin/resources/controls_ru_RU> (0x000000008c49aec8) 
thrown [s\open\src\hotspot\share\prims\jni.cpp, line 539]
Event: 4.178 Thread 0x000002614d811510 Exception <a 'java/lang/NoSuchMethodError'{0x000000008be63318}: 'int java.lang.invoke.DirectMethodHandle$Holder.invokeVirtual(java.lang.Object, java.lang.Object)'> (0x000000008be63318) 
thrown [s\open\src\hotspot\share\interpreter\linkResolver.cpp, line 774]
Event: 8.254 Thread 0x000002614d811510 Exception <a 'java/lang/NoSuchMethodError'{0x000000008c5a4240}: 'void java.lang.invoke.DirectMethodHandle$Holder.invokeSpecial(java.lang.Object, java.lang.Object, java.lang.Object, java.lang.Object, java.lang.Object, java.lang.Object)'> (0x000000008c5a4240) 
thrown [s\open\src\hotspot\share\interpreter\linkResolver.cpp, line 774]
Event: 8.830 Thread 0x000002614d811510 Implicit null exception at 0x000002614062cdfa to 0x000002614062ceac

ZGC Phase Switch (0 events):
No events

VM Operations (20 events):
Event: 8.221 Executing VM operation: Cleanup done
Event: 10.221 Executing VM operation: Cleanup
Event: 10.222 Executing VM operation: Cleanup done
Event: 11.222 Executing VM operation: Cleanup
Event: 11.222 Executing VM operation: Cleanup done
Event: 12.223 Executing VM operation: Cleanup
Event: 12.223 Executing VM operation: Cleanup done
Event: 13.224 Executing VM operation: Cleanup
Event: 13.224 Executing VM operation: Cleanup done
Event: 14.224 Executing VM operation: Cleanup
Event: 14.224 Executing VM operation: Cleanup done
Event: 15.225 Executing VM operation: Cleanup
Event: 15.225 Executing VM operation: Cleanup done
Event: 16.225 Executing VM operation: Cleanup
Event: 16.225 Executing VM operation: Cleanup done
Event: 60.171 Executing VM operation: HandshakeAllThreads (HandshakeForDeflation)
Event: 60.171 Executing VM operation: HandshakeAllThreads (HandshakeForDeflation) done
Event: 60.171 Executing VM operation: RendezvousGCThreads
Event: 60.171 Executing VM operation: RendezvousGCThreads done
Event: 254.512 Executing VM operation: Exit

Events (20 events):
Event: 2.386 Thread 0x000002614db57b90 Thread exited: 0x000002614db57b90
Event: 3.087 Thread 0x0000026193a43010 Thread added: 0x0000026193a43010
Event: 3.292 Thread 0x00000261943bf100 Thread added: 0x00000261943bf100
Event: 3.343 Thread 0x00000261941a4700 Thread added: 0x00000261941a4700
Event: 4.845 Thread 0x00000261941a4700 Thread exited: 0x00000261941a4700
Event: 4.846 Thread 0x00000261943bf100 Thread exited: 0x00000261943bf100
Event: 5.205 Thread 0x00000261941a4700 Thread added: 0x00000261941a4700
Event: 5.342 Thread 0x00000261941a4700 Thread exited: 0x00000261941a4700
Event: 6.626 Thread 0x000002619ddb28b0 Thread added: 0x000002619ddb28b0
Event: 7.041 Thread 0x000002619ddb28b0 Thread exited: 0x000002619ddb28b0
Event: 8.039 Thread 0x000002619fab1010 Thread added: 0x000002619fab1010
Event: 8.039 Thread 0x000002619fab16d0 Thread added: 0x000002619fab16d0
Event: 8.919 Thread 0x000002619fab16d0 Thread exited: 0x000002619fab16d0
Event: 9.374 Thread 0x000002619fab1010 Thread exited: 0x000002619fab1010
Event: 254.507 Thread 0x0000026193a46b20 Thread added: 0x0000026193a46b20
Event: 254.508 Thread 0x0000026193a450e0 Thread added: 0x0000026193a450e0
Event: 254.508 Thread 0x0000026193a443c0 Thread added: 0x0000026193a443c0
Event: 254.510 Thread 0x0000026193a450e0 Thread exited: 0x0000026193a450e0
Event: 254.512 Thread 0x0000026193a443c0 Thread exited: 0x0000026193a443c0
Event: 254.512 Thread 0x000002614d8089a0 Thread exited: 0x000002614d8089a0


Dynamic libraries:
0x00007ff7bc620000 - 0x00007ff7bc62e000 	C:\Users\Lenovo\.jdks\openjdk-22.0.1\bin\java.exe
0x00007ffb3b0b0000 - 0x00007ffb3b2c7000 	C:\WINDOWS\SYSTEM32\ntdll.dll
0x00007ffb0db10000 - 0x00007ffb0db29000 	C:\Program Files\Avast Software\Avast\aswhook.dll
0x00007ffb39c70000 - 0x00007ffb39d34000 	C:\WINDOWS\System32\KERNEL32.DLL
0x00007ffb38550000 - 0x00007ffb388f7000 	C:\WINDOWS\System32\KERNELBASE.dll
0x00007ffb383d0000 - 0x00007ffb384e1000 	C:\WINDOWS\System32\ucrtbase.dll
0x00007ffb26460000 - 0x00007ffb2647b000 	C:\Users\Lenovo\.jdks\openjdk-22.0.1\bin\VCRUNTIME140.dll
0x00007ffb2c9c0000 - 0x00007ffb2c9d7000 	C:\Users\Lenovo\.jdks\openjdk-22.0.1\bin\jli.dll
0x00007ffb390c0000 - 0x00007ffb3926e000 	C:\WINDOWS\System32\USER32.dll
0x00007ffb239d0000 - 0x00007ffb23c63000 	C:\WINDOWS\WinSxS\amd64_microsoft.windows.common-controls_6595b64144ccf1df_6.0.22621.3527_none_270e469b73872a76\COMCTL32.dll
0x00007ffb384f0000 - 0x00007ffb38516000 	C:\WINDOWS\System32\win32u.dll
0x00007ffb39600000 - 0x00007ffb396a7000 	C:\WINDOWS\System32\msvcrt.dll
0x00007ffb3aec0000 - 0x00007ffb3aee9000 	C:\WINDOWS\System32\GDI32.dll
0x00007ffb38cc0000 - 0x00007ffb38dd9000 	C:\WINDOWS\System32\gdi32full.dll
0x00007ffb389f0000 - 0x00007ffb38a8a000 	C:\WINDOWS\System32\msvcp_win.dll
0x00007ffb39d40000 - 0x00007ffb39d71000 	C:\WINDOWS\System32\IMM32.DLL
0x00007ffb2d030000 - 0x00007ffb2d03c000 	C:\Users\Lenovo\.jdks\openjdk-22.0.1\bin\vcruntime140_1.dll
0x00007ffb26060000 - 0x00007ffb260ee000 	C:\Users\Lenovo\.jdks\openjdk-22.0.1\bin\msvcp140.dll
0x00007ffa9f670000 - 0x00007ffaa03b7000 	C:\Users\Lenovo\.jdks\openjdk-22.0.1\bin\server\jvm.dll
0x00007ffb3af00000 - 0x00007ffb3afb2000 	C:\WINDOWS\System32\ADVAPI32.dll
0x00007ffb3afc0000 - 0x00007ffb3b068000 	C:\WINDOWS\System32\sechost.dll
0x00007ffb38520000 - 0x00007ffb38548000 	C:\WINDOWS\System32\bcrypt.dll
0x00007ffb38de0000 - 0x00007ffb38ef5000 	C:\WINDOWS\System32\RPCRT4.dll
0x00007ffb39ff0000 - 0x00007ffb3a061000 	C:\WINDOWS\System32\WS2_32.dll
0x00007ffb380e0000 - 0x00007ffb3812d000 	C:\WINDOWS\SYSTEM32\POWRPROF.dll
0x00007ffb2fb70000 - 0x00007ffb2fb7a000 	C:\WINDOWS\SYSTEM32\VERSION.dll
0x00007ffb35c50000 - 0x00007ffb35c84000 	C:\WINDOWS\SYSTEM32\WINMM.dll
0x00007ffb380c0000 - 0x00007ffb380d3000 	C:\WINDOWS\SYSTEM32\UMPDC.dll
0x00007ffb373b0000 - 0x00007ffb373c8000 	C:\WINDOWS\SYSTEM32\kernel.appcore.dll
0x00007ffb2cf90000 - 0x00007ffb2cf9a000 	C:\Users\Lenovo\.jdks\openjdk-22.0.1\bin\jimage.dll
0x00007ffb359f0000 - 0x00007ffb35c22000 	C:\WINDOWS\SYSTEM32\DBGHELP.DLL
0x00007ffb396b0000 - 0x00007ffb39a38000 	C:\WINDOWS\System32\combase.dll
0x00007ffb39310000 - 0x00007ffb393e7000 	C:\WINDOWS\System32\OLEAUT32.dll
0x00007ffb35c90000 - 0x00007ffb35cc2000 	C:\WINDOWS\SYSTEM32\dbgcore.DLL
0x00007ffb38970000 - 0x00007ffb389e9000 	C:\WINDOWS\System32\bcryptPrimitives.dll
0x00007ffb27a80000 - 0x00007ffb27a8f000 	C:\Users\Lenovo\.jdks\openjdk-22.0.1\bin\instrument.dll
0x00007ffb26440000 - 0x00007ffb2645e000 	C:\Users\Lenovo\.jdks\openjdk-22.0.1\bin\java.dll
0x00007ffb3a660000 - 0x00007ffb3aebc000 	C:\WINDOWS\System32\SHELL32.dll
0x00007ffb38f00000 - 0x00007ffb390a5000 	C:\WINDOWS\System32\ole32.dll
0x00007ffb362c0000 - 0x00007ffb36bb6000 	C:\WINDOWS\SYSTEM32\windows.storage.dll
0x00007ffb36180000 - 0x00007ffb362be000 	C:\WINDOWS\SYSTEM32\wintypes.dll
0x00007ffb393f0000 - 0x00007ffb394e5000 	C:\WINDOWS\System32\SHCORE.dll
0x00007ffb3a0d0000 - 0x00007ffb3a12e000 	C:\WINDOWS\System32\shlwapi.dll
0x00007ffb38300000 - 0x00007ffb38321000 	C:\WINDOWS\SYSTEM32\profapi.dll
0x00007ffb24480000 - 0x00007ffb24557000 	C:\Users\Lenovo\.jdks\openjdk-22.0.1\bin\jsvml.dll
0x00007ffb26430000 - 0x00007ffb26440000 	C:\Users\Lenovo\.jdks\openjdk-22.0.1\bin\net.dll
0x00007ffb37810000 - 0x00007ffb37879000 	C:\WINDOWS\system32\mswsock.dll
0x00007ffb263c0000 - 0x00007ffb263d6000 	C:\Users\Lenovo\.jdks\openjdk-22.0.1\bin\nio.dll
0x00007ffb26380000 - 0x00007ffb26397000 	C:\Users\Lenovo\.jdks\openjdk-22.0.1\bin\zip.dll
0x00007ffb261e0000 - 0x00007ffb261fa000 	E:\Apps\Intellij\IntelliJ IDEA Community Edition 2023.3.4\bin\breakgen64.dll
0x000002614ddb0000 - 0x000002614ddb3000 	C:\Users\Lenovo\.openjfx\cache\22-ea+11\amd64\api-ms-win-core-console-l1-1-0.dll
0x000002614ddc0000 - 0x000002614ddc3000 	C:\Users\Lenovo\.openjfx\cache\22-ea+11\amd64\api-ms-win-core-console-l1-2-0.dll
0x000002614ddd0000 - 0x000002614ddd3000 	C:\Users\Lenovo\.openjfx\cache\22-ea+11\amd64\api-ms-win-core-datetime-l1-1-0.dll
0x000002614dde0000 - 0x000002614dde3000 	C:\Users\Lenovo\.openjfx\cache\22-ea+11\amd64\api-ms-win-core-debug-l1-1-0.dll
0x000002614ddf0000 - 0x000002614ddf3000 	C:\Users\Lenovo\.openjfx\cache\22-ea+11\amd64\api-ms-win-core-errorhandling-l1-1-0.dll
0x000002614de00000 - 0x000002614de04000 	C:\Users\Lenovo\.openjfx\cache\22-ea+11\amd64\api-ms-win-core-file-l1-1-0.dll
0x000002614de10000 - 0x000002614de13000 	C:\Users\Lenovo\.openjfx\cache\22-ea+11\amd64\api-ms-win-core-file-l1-2-0.dll
0x000002614de20000 - 0x000002614de23000 	C:\Users\Lenovo\.openjfx\cache\22-ea+11\amd64\api-ms-win-core-file-l2-1-0.dll
0x000002614de30000 - 0x000002614de33000 	C:\Users\Lenovo\.openjfx\cache\22-ea+11\amd64\api-ms-win-core-handle-l1-1-0.dll
0x000002614de40000 - 0x000002614de43000 	C:\Users\Lenovo\.openjfx\cache\22-ea+11\amd64\api-ms-win-core-heap-l1-1-0.dll
0x000002614de50000 - 0x000002614de53000 	C:\Users\Lenovo\.openjfx\cache\22-ea+11\amd64\api-ms-win-core-interlocked-l1-1-0.dll
0x000002614de60000 - 0x000002614de63000 	C:\Users\Lenovo\.openjfx\cache\22-ea+11\amd64\api-ms-win-core-libraryloader-l1-1-0.dll
0x000002614de70000 - 0x000002614de73000 	C:\Users\Lenovo\.openjfx\cache\22-ea+11\amd64\api-ms-win-core-localization-l1-2-0.dll
0x000002614de80000 - 0x000002614de83000 	C:\Users\Lenovo\.openjfx\cache\22-ea+11\amd64\api-ms-win-core-memory-l1-1-0.dll
0x000002614de90000 - 0x000002614de93000 	C:\Users\Lenovo\.openjfx\cache\22-ea+11\amd64\api-ms-win-core-namedpipe-l1-1-0.dll
0x000002614dea0000 - 0x000002614dea3000 	C:\Users\Lenovo\.openjfx\cache\22-ea+11\amd64\api-ms-win-core-processenvironment-l1-1-0.dll
0x000002614deb0000 - 0x000002614deb3000 	C:\Users\Lenovo\.openjfx\cache\22-ea+11\amd64\api-ms-win-core-processthreads-l1-1-0.dll
0x000002614dec0000 - 0x000002614dec3000 	C:\Users\Lenovo\.openjfx\cache\22-ea+11\amd64\api-ms-win-core-processthreads-l1-1-1.dll
0x000002614ded0000 - 0x000002614ded3000 	C:\Users\Lenovo\.openjfx\cache\22-ea+11\amd64\api-ms-win-core-profile-l1-1-0.dll
0x000002614dee0000 - 0x000002614dee3000 	C:\Users\Lenovo\.openjfx\cache\22-ea+11\amd64\api-ms-win-core-rtlsupport-l1-1-0.dll
0x000002614def0000 - 0x000002614def3000 	C:\Users\Lenovo\.openjfx\cache\22-ea+11\amd64\api-ms-win-core-string-l1-1-0.dll
0x000002614df00000 - 0x000002614df03000 	C:\Users\Lenovo\.openjfx\cache\22-ea+11\amd64\api-ms-win-core-synch-l1-1-0.dll
0x000002614df10000 - 0x000002614df13000 	C:\Users\Lenovo\.openjfx\cache\22-ea+11\amd64\api-ms-win-core-synch-l1-2-0.dll
0x000002614df20000 - 0x000002614df23000 	C:\Users\Lenovo\.openjfx\cache\22-ea+11\amd64\api-ms-win-core-sysinfo-l1-1-0.dll
0x000002614df30000 - 0x000002614df33000 	C:\Users\Lenovo\.openjfx\cache\22-ea+11\amd64\api-ms-win-core-timezone-l1-1-0.dll
0x000002614df40000 - 0x000002614df43000 	C:\Users\Lenovo\.openjfx\cache\22-ea+11\amd64\api-ms-win-core-util-l1-1-0.dll
0x000002614df50000 - 0x000002614df53000 	C:\Users\Lenovo\.openjfx\cache\22-ea+11\amd64\api-ms-win-crt-conio-l1-1-0.dll
0x000002614df60000 - 0x000002614df64000 	C:\Users\Lenovo\.openjfx\cache\22-ea+11\amd64\api-ms-win-crt-convert-l1-1-0.dll
0x000002614df70000 - 0x000002614df73000 	C:\Users\Lenovo\.openjfx\cache\22-ea+11\amd64\api-ms-win-crt-environment-l1-1-0.dll
0x000002614df80000 - 0x000002614df83000 	C:\Users\Lenovo\.openjfx\cache\22-ea+11\amd64\api-ms-win-crt-filesystem-l1-1-0.dll
0x000002614df90000 - 0x000002614df93000 	C:\Users\Lenovo\.openjfx\cache\22-ea+11\amd64\api-ms-win-crt-heap-l1-1-0.dll
0x000002614dfa0000 - 0x000002614dfa3000 	C:\Users\Lenovo\.openjfx\cache\22-ea+11\amd64\api-ms-win-crt-locale-l1-1-0.dll
0x000002614dfb0000 - 0x000002614dfb5000 	C:\Users\Lenovo\.openjfx\cache\22-ea+11\amd64\api-ms-win-crt-math-l1-1-0.dll
0x000002614dfc0000 - 0x000002614dfc5000 	C:\Users\Lenovo\.openjfx\cache\22-ea+11\amd64\api-ms-win-crt-multibyte-l1-1-0.dll
0x000002614dfd0000 - 0x000002614dfe0000 	C:\Users\Lenovo\.openjfx\cache\22-ea+11\amd64\api-ms-win-crt-private-l1-1-0.dll
0x000002614dfe0000 - 0x000002614dfe3000 	C:\Users\Lenovo\.openjfx\cache\22-ea+11\amd64\api-ms-win-crt-process-l1-1-0.dll
0x000002614dff0000 - 0x000002614dff4000 	C:\Users\Lenovo\.openjfx\cache\22-ea+11\amd64\api-ms-win-crt-runtime-l1-1-0.dll
0x00000261947d0000 - 0x00000261947d4000 	C:\Users\Lenovo\.openjfx\cache\22-ea+11\amd64\api-ms-win-crt-stdio-l1-1-0.dll
0x00000261947e0000 - 0x00000261947e4000 	C:\Users\Lenovo\.openjfx\cache\22-ea+11\amd64\api-ms-win-crt-string-l1-1-0.dll
0x00000261947f0000 - 0x00000261947f3000 	C:\Users\Lenovo\.openjfx\cache\22-ea+11\amd64\api-ms-win-crt-time-l1-1-0.dll
0x0000026194800000 - 0x0000026194803000 	C:\Users\Lenovo\.openjfx\cache\22-ea+11\amd64\api-ms-win-crt-utility-l1-1-0.dll
0x00007ffaf7940000 - 0x00007ffaf7a3c000 	C:\Users\Lenovo\.openjfx\cache\22-ea+11\amd64\ucrtbase.dll
0x00007ffb24640000 - 0x00007ffb2465b000 	C:\Users\Lenovo\.openjfx\cache\22-ea+11\amd64\vcruntime140.dll
0x00007ffb26010000 - 0x00007ffb2601c000 	C:\Users\Lenovo\.openjfx\cache\22-ea+11\amd64\vcruntime140_1.dll
0x00007ffafc270000 - 0x00007ffafc2fe000 	C:\Users\Lenovo\.openjfx\cache\22-ea+11\amd64\msvcp140.dll
0x00007ffb24630000 - 0x00007ffb24639000 	C:\Users\Lenovo\.openjfx\cache\22-ea+11\amd64\msvcp140_1.dll
0x00007ffb1cd30000 - 0x00007ffb1cd5f000 	C:\Users\Lenovo\.openjfx\cache\22-ea+11\amd64\msvcp140_2.dll
0x00007ffb1bcf0000 - 0x00007ffb1bd1f000 	C:\Users\Lenovo\.openjfx\cache\22-ea+11\amd64\prism_d3d.dll
0x00007ffacef10000 - 0x00007ffacf0b9000 	C:\WINDOWS\system32\d3d9.dll
0x00007ffb354a0000 - 0x00007ffb354cb000 	C:\WINDOWS\SYSTEM32\dwmapi.dll
0x00007ffb35330000 - 0x00007ffb35369000 	C:\WINDOWS\SYSTEM32\dxcore.dll
0x00007ffb35240000 - 0x00007ffb352eb000 	C:\WINDOWS\system32\uxtheme.dll
0x00007ffb2e3c0000 - 0x00007ffb2e57b000 	C:\WINDOWS\System32\DriverStore\FileRepository\u0382181.inf_amd64_b079c95a12ecd046\B382000\aticfx64.dll
0x00007ffb1b1d0000 - 0x00007ffb1b204000 	C:\WINDOWS\System32\DriverStore\FileRepository\u0382181.inf_amd64_b079c95a12ecd046\B382000\atiu9p64.dll
0x00007ffa823e0000 - 0x00007ffa83135000 	C:\WINDOWS\System32\DriverStore\FileRepository\u0382181.inf_amd64_b079c95a12ecd046\B382000\atiumd64.dll
0x0000000060700000 - 0x0000000061626000 	C:\WINDOWS\System32\DriverStore\FileRepository\u0382181.inf_amd64_b079c95a12ecd046\B382000\atiumd6a.dll
0x00007ffb3a1e0000 - 0x00007ffb3a654000 	C:\WINDOWS\System32\SETUPAPI.dll
0x00007ffb2ded0000 - 0x00007ffb2df05000 	C:\WINDOWS\SYSTEM32\amdihk64.dll
0x00007ffb315c0000 - 0x00007ffb3160a000 	C:\WINDOWS\SYSTEM32\directxdatabasehelper.dll
0x00007ffb10b60000 - 0x00007ffb10ba2000 	C:\Users\Lenovo\.openjfx\cache\22-ea+11\amd64\glass.dll
0x00007ffb39ef0000 - 0x00007ffb39fe7000 	C:\WINDOWS\System32\COMDLG32.dll
0x00007ffb39d90000 - 0x00007ffb39ee3000 	C:\WINDOWS\System32\MSCTF.dll
0x00007ffb21000000 - 0x00007ffb21014000 	C:\Users\Lenovo\.openjfx\cache\22-ea+11\amd64\javafx_font.dll
0x00007ffb33800000 - 0x00007ffb33a74000 	C:\WINDOWS\SYSTEM32\dwrite.dll
0x00007ffb3a130000 - 0x00007ffb3a1e0000 	C:\WINDOWS\System32\clbcatq.dll
0x00007ffb33260000 - 0x00007ffb33410000 	C:\WINDOWS\SYSTEM32\WindowsCodecs.dll
0x00007ffb085d0000 - 0x00007ffb0862e000 	C:\WINDOWS\system32\dataexchange.dll
0x00007ffb2ebf0000 - 0x00007ffb2ee7b000 	C:\WINDOWS\system32\twinapi.appcore.dll
0x00007ffb06920000 - 0x00007ffb06952000 	C:\Program Files\Common Files\Microsoft Shared\Ink\rtscom.dll
0x00007ffb29450000 - 0x00007ffb2959b000 	C:\WINDOWS\SYSTEM32\textinputframework.dll
0x00007ffb34c70000 - 0x00007ffb34da3000 	C:\WINDOWS\SYSTEM32\CoreMessaging.dll
0x00007ffb30b50000 - 0x00007ffb30ebc000 	C:\WINDOWS\SYSTEM32\CoreUIComponents.dll
0x00007ffb37b40000 - 0x00007ffb37b4c000 	C:\WINDOWS\SYSTEM32\CRYPTBASE.DLL
0x00007ffb33cf0000 - 0x00007ffb342de000 	C:\WINDOWS\SYSTEM32\d2d1.dll
0x00007ffb33a90000 - 0x00007ffb33ce7000 	C:\WINDOWS\SYSTEM32\d3d11.dll
0x00007ffb35390000 - 0x00007ffb35487000 	C:\WINDOWS\SYSTEM32\dxgi.dll
0x00007ffb2ffb0000 - 0x00007ffb306c1000 	C:\WINDOWS\SYSTEM32\D3D10Warp.dll
0x00007ffb36e50000 - 0x00007ffb36f48000 	C:\WINDOWS\SYSTEM32\DNSAPI.dll

dbghelp: loaded successfully - version: 4.0.5 - missing functions: none
symbol engine: initialized successfully - sym options: 0x614 - pdb path: .;C:\Users\Lenovo\.jdks\openjdk-22.0.1\bin;C:\WINDOWS\SYSTEM32;C:\Program Files\Avast Software\Avast;C:\WINDOWS\WinSxS\amd64_microsoft.windows.common-controls_6595b64144ccf1df_6.0.22621.3527_none_270e469b73872a76;C:\Users\Lenovo\.jdks\openjdk-22.0.1\bin\server;E:\Apps\Intellij\IntelliJ IDEA Community Edition 2023.3.4\bin;C:\Users\Lenovo\.openjfx\cache\22-ea+11\amd64;C:\WINDOWS\System32\DriverStore\FileRepository\u0382181.inf_amd64_b079c95a12ecd046\B382000;C:\Program Files\Common Files\Microsoft Shared\Ink

VM Arguments:
jvm_args: --enable-preview -javaagent:E:\Apps\Intellij\IntelliJ IDEA Community Edition 2023.3.4\lib\idea_rt.jar=51197:E:\Apps\Intellij\IntelliJ IDEA Community Edition 2023.3.4\bin -Dfile.encoding=UTF-8 -Dsun.stdout.encoding=UTF-8 -Dsun.stderr.encoding=UTF-8 --module-path=C:\Users\Lenovo\.m2\repository\org\openjfx\javafx-controls\22-ea+11\javafx-controls-22-ea+11-win.jar;D:\java\java project\Probs\target\classes;C:\Users\Lenovo\.m2\repository\org\openjfx\javafx-graphics\22-ea+11\javafx-graphics-22-ea+11-win.jar;C:\Users\Lenovo\.m2\repository\org\openjfx\javafx-fxml\22-ea+11\javafx-fxml-22-ea+11-win.jar;C:\Users\Lenovo\.m2\repository\org\openjfx\javafx-base\22-ea+11\javafx-base-22-ea+11-win.jar -Djdk.module.main=org.example.probs 
java_command: org.example.probs/org.example.probs.HelloApplication
java_class_path (initial): C:\Users\Lenovo\.m2\repository\org\openjfx\javafx-controls\22-ea+11\javafx-controls-22-ea+11.jar;C:\Users\Lenovo\.m2\repository\org\openjfx\javafx-graphics\22-ea+11\javafx-graphics-22-ea+11.jar;C:\Users\Lenovo\.m2\repository\org\openjfx\javafx-base\22-ea+11\javafx-base-22-ea+11.jar;C:\Users\Lenovo\.m2\repository\org\openjfx\javafx-fxml\22-ea+11\javafx-fxml-22-ea+11.jar;C:\Users\Lenovo\.m2\repository\com\mysql\mysql-connector-j\8.0.32\mysql-connector-j-8.0.32.jar;C:\Users\Lenovo\.m2\repository\com\google\protobuf\protobuf-java\3.21.9\protobuf-java-3.21.9.jar
Launcher Type: SUN_STANDARD

[Global flags]
     intx CICompilerCount                          = 4                                         {product} {ergonomic}
     uint ConcGCThreads                            = 3                                         {product} {ergonomic}
     uint G1ConcRefinementThreads                  = 10                                        {product} {ergonomic}
   size_t G1HeapRegionSize                         = 1048576                                   {product} {ergonomic}
   size_t InitialHeapSize                          = 123731968                                 {product} {ergonomic}
   size_t MarkStackSize                            = 4194304                                   {product} {ergonomic}
   size_t MaxHeapSize                              = 1971322880                                {product} {ergonomic}
   size_t MaxNewSize                               = 1182793728                                {product} {ergonomic}
   size_t MinHeapDeltaBytes                        = 1048576                                   {product} {ergonomic}
   size_t MinHeapSize                              = 8388608                                   {product} {ergonomic}
    uintx NonNMethodCodeHeapSize                   = 5839372                                {pd product} {ergonomic}
    uintx NonProfiledCodeHeapSize                  = 122909434                              {pd product} {ergonomic}
    uintx ProfiledCodeHeapSize                     = 122909434                              {pd product} {ergonomic}
    uintx ReservedCodeCacheSize                    = 251658240                              {pd product} {ergonomic}
     bool SegmentedCodeCache                       = true                                      {product} {ergonomic}
   size_t SoftMaxHeapSize                          = 1971322880                             {manageable} {ergonomic}
     bool UseCompressedOops                        = true                           {product lp64_product} {ergonomic}
     bool UseG1GC                                  = true                                      {product} {ergonomic}
     bool UseLargePagesIndividualAllocation        = false                                  {pd product} {ergonomic}

Logging:
Log output configuration:
 #0: stdout all=off uptime,level,tags foldmultilines=false
 #1: stderr all=off uptime,level,tags foldmultilines=false

Environment Variables:
PATH=C:\Program Files\Common Files\Oracle\Java\javapath;C:\Program Files\Microsoft MPI\Bin\;C:\ProgramData\Oracle\Java\javapath;C:\WINDOWS\system32;C:\WINDOWS;C:\WINDOWS\System32\Wbem;C:\WINDOWS\System32\WindowsPowerShell\v1.0\;C:\WINDOWS\System32\OpenSSH\;E:\Programs\Git\cmd;C:\Program Files\swipl\bin;D:\downloads\bin\i386-Win32;C:\Program Files (x86)\Microsoft SQL Server\160\Tools\Binn\;C:\Program Files\Microsoft SQL Server\160\Tools\Binn\;C:\Program Files\Microsoft SQL Server\Client SDK\ODBC\170\Tools\Binn\;C:\Program Files\Microsoft SQL Server\160\DTS\Binn\;C:\Program Files (x86)\Microsoft SQL Server\160\DTS\Binn\;C:\Program Files\Azure Data Studio\bin;C:\Program Files\MySQL\MySQL Shell 8.0\bin\;C:\Users\Lenovo\AppData\Local\Programs\Python\Python38\Scripts\;C:\Users\Lenovo\AppData\Local\Programs\Python\Python38\;C:\Users\Lenovo\AppData\Local\Programs\Python\Python39\Scripts\;C:\Users\Lenovo\AppData\Local\Programs\Python\Python39\;C:\Users\Lenovo\AppData\Local\Microsoft\WindowsApps;;E:\Users\Lenovo\AppData\Local\Programs\Microsoft VS Code\bin;E:\Apps\PyCharm\PyCharm Community Edition 2022.3.3\bin;;D:\apps\PyCharm 2023.1.1\bin;;C:\Program Files\Azure Data Studio\bin;E:\Apps\Intellij\IntelliJ IDEA Community Edition 2023.3.4\bin;
USERNAME=Lenovo
OS=Windows_NT
PROCESSOR_IDENTIFIER=AMD64 Family 23 Model 104 Stepping 1, AuthenticAMD
TMP=C:\Users\Lenovo\AppData\Local\Temp
TEMP=C:\Users\Lenovo\AppData\Local\Temp




Periodic native trim disabled

---------------  S Y S T E M  ---------------

OS:
 Windows 11 , 64 bit Build 22621 (10.0.22621.3527)
OS uptime: 0 days 4:56 hours
Hyper-V role detected

CPU: total 12 (initial active 12) (12 cores per cpu, 2 threads per core) family 23 model 104 stepping 1 microcode 0x0, cx8, cmov, fxsr, ht, mmx, 3dnowpref, sse, sse2, sse3, ssse3, sse4a, sse4.1, sse4.2, popcnt, lzcnt, tsc, tscinvbit, avx, avx2, aes, clmul, bmi1, bmi2, adx, sha, fma, vzeroupper, clflush, clflushopt, hv, rdtscp, rdpid, f16c
Processor Information for processor 0
  Max Mhz: 2100, Current Mhz: 2100, Mhz Limit: 2100
Processor Information for processor 1
  Max Mhz: 2100, Current Mhz: 1813, Mhz Limit: 2100
Processor Information for processor 2
  Max Mhz: 2100, Current Mhz: 2100, Mhz Limit: 2100
Processor Information for processor 3
  Max Mhz: 2100, Current Mhz: 1813, Mhz Limit: 2100
Processor Information for processor 4
  Max Mhz: 2100, Current Mhz: 2100, Mhz Limit: 2100
Processor Information for processor 5
  Max Mhz: 2100, Current Mhz: 2100, Mhz Limit: 2100
Processor Information for processor 6
  Max Mhz: 2100, Current Mhz: 1813, Mhz Limit: 2100
Processor Information for processor 7
  Max Mhz: 2100, Current Mhz: 2100, Mhz Limit: 2100
Processor Information for processor 8
  Max Mhz: 2100, Current Mhz: 1813, Mhz Limit: 2100
Processor Information for processor 9
  Max Mhz: 2100, Current Mhz: 1813, Mhz Limit: 2100
Processor Information for processor 10
  Max Mhz: 2100, Current Mhz: 1813, Mhz Limit: 2100
Processor Information for processor 11
  Max Mhz: 2100, Current Mhz: 1813, Mhz Limit: 2100

Memory: 4k page, system-wide physical 7514M (671M free)
TotalPageFile size 21338M (AvailPageFile size 6951M)
current process WorkingSet (physical memory assigned to process): 158M, peak: 184M
current process commit charge ("private bytes"): 213M, peak: 308M

vm_info: OpenJDK 64-Bit Server VM (22.0.1+8-16) for windows-amd64 JRE (22.0.1+8-16), built on 2024-03-12T10:33:16Z by "mach5one" with MS VC++ 17.6 (VS2022)

END.
